# JRE version: Java(TM) SE Runtime Environment (12.0+33) (build 12+33)
# Java VM: Java HotSpot(TM) 64-Bit Server VM (12+33, mixed mode, sharing, tiered, compressed oops, g1 gc, windows-amd64)
Heap:
 garbage-first heap   total 131072K, used 18135K [0x0000000081e00000, 0x0000000100000000)
  region size 1024K, 12 young (12288K), 2 survivors (2048K)
 Metaspace       used 19352K, capacity 19943K, committed 20224K, reserved 1067008K
  class space    used 2246K, capacity 2469K, committed 2560K, reserved 1048576K
GC Heap History (10 events):
Event: 1.307 GC heap before
{Heap before GC invocations=0 (full 0):
 garbage-first heap   total 131072K, used 14336K [0x0000000081e00000, 0x0000000100000000)
  region size 1024K, 14 young (14336K), 0 survivors (0K)
 Metaspace       used 5084K, capacity 6294K, committed 6656K, reserved 1056768K
  class space    used 536K, capacity 651K, committed 768K, reserved 1048576K
}
Event: 1.322 GC heap after
{Heap after GC invocations=1 (full 0):
 garbage-first heap   total 131072K, used 3541K [0x0000000081e00000, 0x0000000100000000)
  region size 1024K, 2 young (2048K), 2 survivors (2048K)
 Metaspace       used 5084K, capacity 6294K, committed 6656K, reserved 1056768K
  class space    used 536K, capacity 651K, committed 768K, reserved 1048576K
}
Event: 1.808 GC heap before
{Heap before GC invocations=1 (full 0):
 garbage-first heap   total 131072K, used 12757K [0x0000000081e00000, 0x0000000100000000)
  region size 1024K, 11 young (11264K), 2 survivors (2048K)
 Metaspace       used 8058K, capacity 8373K, committed 8448K, reserved 1056768K
  class space    used 897K, capacity 989K, committed 1024K, reserved 1048576K
}
Event: 1.814 GC heap after
{Heap after GC invocations=2 (full 0):
 garbage-first heap   total 131072K, used 4781K [0x0000000081e00000, 0x0000000100000000)
  region size 1024K, 1 young (1024K), 1 survivors (1024K)
 Metaspace       used 8058K, capacity 8373K, committed 8448K, reserved 1056768K
  class space    used 897K, capacity 989K, committed 1024K, reserved 1048576K
}
Event: 16.476 GC heap before
{Heap before GC invocations=2 (full 0):
 garbage-first heap   total 131072K, used 30381K [0x0000000081e00000, 0x0000000100000000)
  region size 1024K, 27 young (27648K), 1 survivors (1024K)
 Metaspace       used 14465K, capacity 15081K, committed 15360K, reserved 1062912K
  class space    used 1736K, capacity 1935K, committed 2048K, reserved 1048576K
}
Event: 16.484 GC heap after
{Heap after GC invocations=3 (full 0):
 garbage-first heap   total 131072K, used 7500K [0x0000000081e00000, 0x0000000100000000)
  region size 1024K, 4 young (4096K), 4 survivors (4096K)
 Metaspace       used 14465K, capacity 15081K, committed 15360K, reserved 1062912K
  class space    used 1736K, capacity 1935K, committed 2048K, reserved 1048576K
}
Event: 22.674 GC heap before
{Heap before GC invocations=3 (full 0):
 garbage-first heap   total 131072K, used 44364K [0x0000000081e00000, 0x0000000100000000)
  region size 1024K, 40 young (40960K), 4 survivors (4096K)
 Metaspace       used 17418K, capacity 18072K, committed 18304K, reserved 1064960K
  class space    used 2088K, capacity 2326K, committed 2432K, reserved 1048576K
}
Event: 22.682 GC heap after
{Heap after GC invocations=4 (full 0):
 garbage-first heap   total 131072K, used 8290K [0x0000000081e00000, 0x0000000100000000)
  region size 1024K, 1 young (1024K), 1 survivors (1024K)
 Metaspace       used 17418K, capacity 18072K, committed 18304K, reserved 1064960K
  class space    used 2088K, capacity 2326K, committed 2432K, reserved 1048576K
}
Event: 90.959 GC heap before
{Heap before GC invocations=4 (full 0):
 garbage-first heap   total 131072K, used 61538K [0x0000000081e00000, 0x0000000100000000)
  region size 1024K, 53 young (54272K), 1 survivors (1024K)
 Metaspace       used 19274K, capacity 19934K, committed 20224K, reserved 1067008K
  class space    used 2246K, capacity 2469K, committed 2560K, reserved 1048576K
}
Event: 90.963 GC heap after
{Heap after GC invocations=5 (full 0):
 garbage-first heap   total 131072K, used 8919K [0x0000000081e00000, 0x0000000100000000)
  region size 1024K, 2 young (2048K), 2 survivors (2048K)
 Metaspace       used 19274K, capacity 19934K, committed 20224K, reserved 1067008K
  class space    used 2246K, capacity 2469K, committed 2560K, reserved 1048576K
}

