<?xml version="1.0" encoding="UTF-8"?>
<!-- Generated by org.testng.reporters.JUnitXMLReporter -->
<testsuite hostname="DESKTOP-8US1CKT" failures="1" tests="2" name="DashBoard" time="18.991" errors="0" timestamp="14 May 2020 13:36:53 GMT">
  <testcase classname="EventBuizz.EventBuizz.EventCenterDashBoard" name="ValidateThatSearchFieldExistOnTheDashBoard" time="0.074"/>
  <testcase classname="EventBuizz.EventBuizz.EventCenterDashBoard" name="EventSelect" time="18.355">
    <failure type="junit.framework.ComparisonFailure" message="expected:&amp;lt;[First ICC event]&amp;gt; but was:&amp;lt;[]&amp;gt;">
      <![CDATA[junit.framework.ComparisonFailure: expected:<[First ICC event]> but was:<[]>
	at junit.framework.Assert.assertEquals(Assert.java:85)
	at junit.framework.Assert.assertEquals(Assert.java:91)
	at EventBuizz.EventBuizz.EventCenterDashBoard.EventSelect(EventCenterDashBoard.java:366)
... Removed 24 stack frames]]>
    </failure>
  </testcase> <!-- EventSelect -->
</testsuite> <!-- DashBoard -->
