<?xml version="1.0" encoding="UTF-8"?>
<!-- Generated by org.testng.reporters.JUnitXMLReporter -->
<testsuite hostname="DESKTOP-8US1CKT" failures="0" tests="3" name="EventBuizz Admin Login" time="14.982" errors="0" timestamp="14 May 2020 13:36:34 GMT">
  <testcase classname="EventBuizz.EventBuizz.AdminLogin" name="ValidateThePageTitle" time="0.037"/>
  <testcase classname="EventBuizz.EventBuizz.AdminLogin" name="ValidateThatLOGINHEREHeadingPersistOnTheLoginPage" time="0.048"/>
  <testcase classname="EventBuizz.EventBuizz.AdminLogin" name="ValidateLoginWithCorrectUserNameAndPassword" time="14.417"/>
</testsuite> <!-- EventBuizz Admin Login -->
