<?xml version="1.0" encoding="UTF-8"?>
<!-- Generated by org.testng.reporters.JUnitXMLReporter -->
<testsuite hostname="DESKTOP-8US1CKT" failures="1" tests="1" name="SIGNUP" time="0.037" errors="0" timestamp="13 Jun 2019 11:42:00 GMT">
  <testcase classname="EventBuizz.EventBuizz.AdminLogin" name="ValidateThePageTitle" time="0.015">
    <failure type="junit.framework.AssertionFailedError">
      <![CDATA[junit.framework.AssertionFailedError
	at junit.framework.Assert.fail(Assert.java:48)
	at junit.framework.Assert.assertTrue(Assert.java:20)
	at junit.framework.Assert.assertTrue(Assert.java:27)
	at EventBuizz.EventBuizz.AdminLogin.ValidateThePageTitle(AdminLogin.java:15)
... Removed 24 stack frames]]>
    </failure>
  </testcase> <!-- ValidateThePageTitle -->
</testsuite> <!-- SIGNUP -->
