<?xml version="1.0" encoding="UTF-8"?>
<!-- Generated by org.testng.reporters.JUnitXMLReporter -->
<testsuite ignored="1" hostname="DESKTOP-ECUBPED" failures="0" tests="7" name=" Login" time="1.297" errors="0" timestamp="12 Jan 2023 07:36:39 GMT">
  <testcase classname="TimeStreamGroup.Reconstream.Login" name="ValidateThePageTitle" time="0.034"/>
  <testcase classname="TimeStreamGroup.Reconstream.Login" name="ValidateThatSignInHeadingPersistOnTheLoginPage" time="0.058"/>
  <testcase classname="TimeStreamGroup.Reconstream.Login" name="ValidateThatLoginTextPersistOnTheLoginPage" time="0.023"/>
  <testcase classname="TimeStreamGroup.Reconstream.Login" name="ValidateUserNameFieldPersistOnTheLoginPage" time="0.061"/>
  <testcase classname="TimeStreamGroup.Reconstream.Login" name="ValidatePasswordFieldPersistOnTheLoginPage" time="0.051"/>
  <testcase classname="TimeStreamGroup.Reconstream.Login" name="ValidateForGotPasswordPersistOnTheLoginPage" time="0.064"/>
  <testcase classname="TimeStreamGroup.Reconstream.Login" name="ValidateSigInButtonPersistOnTheLoginPage" time="0.041"/>
  <testcase classname="EventBuizz.EventBuizz.Configuration" name="@BeforeSuite LaunchApplication" time="0.0">
    <ignored/>
  </testcase> <!-- @BeforeSuite LaunchApplication -->
</testsuite> <!--  Login -->
