<?xml version="1.0" encoding="UTF-8"?>
<!-- Generated by org.testng.reporters.JUnitXMLReporter -->
<testsuite ignored="0" hostname="DESKTOP-ECUBPED" failures="0" tests="3" name="Api Automation" time="6.937" errors="0" timestamp="09 Mar 2022 13:00:09 GMT">
  <testcase classname="EventBuizz.EventBuizz.MyAPiAutomation" name="GetBooks" time="4.252"/>
  <testcase classname="EventBuizz.EventBuizz.MyAPiAutomation" name="GetBooks1" time="0.791"/>
  <testcase classname="EventBuizz.EventBuizz.MyAPiAutomation" name="APiSutomation" time="1.831"/>
</testsuite> <!-- Api Automation -->
