<?xml version="1.0" encoding="UTF-8"?>
<!-- Generated by org.testng.reporters.JUnitXMLReporter -->
<testsuite ignored="0" hostname="DESKTOP-ECUBPED" failures="0" tests="3" name="Api Automation" time="19.144" errors="0" timestamp="15 Mar 2022 14:25:32 GMT">
  <testcase classname="EventBuizz.EventBuizz.MyAPiAutomation" name="GetBooks" time="11.826"/>
  <testcase classname="EventBuizz.EventBuizz.MyAPiAutomation" name="GetBooks1" time="1.576"/>
  <testcase classname="EventBuizz.EventBuizz.MyAPiAutomation" name="APiSutomation" time="5.566"/>
</testsuite> <!-- Api Automation -->
