<?xml version="1.0" encoding="UTF-8"?>
<!-- Generated by org.testng.reporters.JUnitXMLReporter -->
<testsuite ignored="0" hostname="DESKTOP-ECUBPED" failures="1" tests="13" name="DashBaord" time="2.156" errors="0" timestamp="01 Sep 2021 12:48:09 GMT">
  <testcase classname="EventBuizz.EventBuizz.EventCenterDashBoard" name="@AfterMethod testIT" time="0.01">
    <failure type="org.openqa.selenium.NoSuchSessionException" message="Tried to run command without establishing a connection
Build info: version: &amp;apos;3.8.1&amp;apos;, revision: &amp;apos;6e95a6684b&amp;apos;, time: &amp;apos;2017-12-01T18:33:54.468Z&amp;apos;
System info: host: &amp;apos;DESKTOP-ECUBPED&amp;apos;, ip: &amp;apos;192.168.100.8&amp;apos;, os.name: &amp;apos;Windows 10&amp;apos;, os.arch: &amp;apos;amd64&amp;apos;, os.version: &amp;apos;10.0&amp;apos;, java.version: &amp;apos;15.0.2&amp;apos;
Driver info: org.openqa.selenium.firefox.FirefoxDriver
Capabilities {acceptInsecureCerts: true, browserName: firefox, browserVersion: 89.0.2, javascriptEnabled: true, moz:accessibilityChecks: false, moz:buildID: 20210622155641, moz:geckodriverVersion: 0.29.1, moz:headless: false, moz:processID: 21356, moz:profile: C:\Users\MR MUDASSAR\AppDat..., moz:shutdownTimeout: 60000, moz:useNonSpecCompliantPointerOrigin: false, moz:webdriverClick: true, pageLoadStrategy: normal, platform: WINDOWS, platformName: WINDOWS, platformVersion: 10.0, setWindowRect: true, strictFileInteractability: false, timeouts: {implicit: 0, pageLoad: 300000, script: 30000}, unhandledPromptBehavior: dismiss and notify}
Session ID: ec0a8701-13b1-4e33-b31b-fe768c34b36d">
      <![CDATA[org.openqa.selenium.NoSuchSessionException: Tried to run command without establishing a connection
Build info: version: '3.8.1', revision: '6e95a6684b', time: '2017-12-01T18:33:54.468Z'
System info: host: 'DESKTOP-ECUBPED', ip: '192.168.100.8', os.name: 'Windows 10', os.arch: 'amd64', os.version: '10.0', java.version: '15.0.2'
Driver info: org.openqa.selenium.firefox.FirefoxDriver
Capabilities {acceptInsecureCerts: true, browserName: firefox, browserVersion: 89.0.2, javascriptEnabled: true, moz:accessibilityChecks: false, moz:buildID: 20210622155641, moz:geckodriverVersion: 0.29.1, moz:headless: false, moz:processID: 21356, moz:profile: C:\Users\MR MUDASSAR\AppDat..., moz:shutdownTimeout: 60000, moz:useNonSpecCompliantPointerOrigin: false, moz:webdriverClick: true, pageLoadStrategy: normal, platform: WINDOWS, platformName: WINDOWS, platformVersion: 10.0, setWindowRect: true, strictFileInteractability: false, timeouts: {implicit: 0, pageLoad: 300000, script: 30000}, unhandledPromptBehavior: dismiss and notify}
Session ID: ec0a8701-13b1-4e33-b31b-fe768c34b36d
at org.openqa.selenium.remote.http.W3CHttpResponseCodec.createException(W3CHttpResponseCodec.java:187)
at org.openqa.selenium.remote.http.W3CHttpResponseCodec.decode(W3CHttpResponseCodec.java:122)
at org.openqa.selenium.remote.http.W3CHttpResponseCodec.decode(W3CHttpResponseCodec.java:49)
at org.openqa.selenium.remote.HttpCommandExecutor.execute(HttpCommandExecutor.java:164)
at org.openqa.selenium.remote.service.DriverCommandExecutor.execute(DriverCommandExecutor.java:83)
at org.openqa.selenium.remote.RemoteWebDriver.execute(RemoteWebDriver.java:601)
at org.openqa.selenium.remote.RemoteWebDriver.execute(RemoteWebDriver.java:658)
at org.openqa.selenium.remote.RemoteWebDriver.getScreenshotAs(RemoteWebDriver.java:343)
at EventBuizz.EventBuizz.utility.captureScreenshot(utility.java:61)
at EventBuizz.EventBuizz.EventCenterDashBoard.testIT(EventCenterDashBoard.java:611)
... Removed 33 stack frames]]>
    </failure>
  </testcase> <!-- @AfterMethod testIT -->
  <testcase classname="EventBuizz.EventBuizz.EventCenterDashBoard" name="@AfterMethod testIT" time="0.0">
    <skipped/>
  </testcase> <!-- @AfterMethod testIT -->
  <testcase classname="EventBuizz.EventBuizz.EventCenterDashBoard" name="@AfterMethod testIT" time="0.0">
    <skipped/>
  </testcase> <!-- @AfterMethod testIT -->
  <testcase classname="EventBuizz.EventBuizz.EventCenterDashBoard" name="@AfterMethod testIT" time="0.0">
    <skipped/>
  </testcase> <!-- @AfterMethod testIT -->
  <testcase classname="EventBuizz.EventBuizz.EventCenterDashBoard" name="@AfterMethod testIT" time="0.0">
    <skipped/>
  </testcase> <!-- @AfterMethod testIT -->
  <testcase classname="EventBuizz.EventBuizz.EventCenterDashBoard" name="@AfterMethod testIT" time="0.0">
    <skipped/>
  </testcase> <!-- @AfterMethod testIT -->
  <testcase classname="EventBuizz.EventBuizz.EventCenterDashBoard" name="@AfterMethod testIT" time="0.0">
    <skipped/>
  </testcase> <!-- @AfterMethod testIT -->
  <testcase classname="EventBuizz.EventBuizz.EventCenterDashBoard" name="@AfterMethod testIT" time="0.0">
    <skipped/>
  </testcase> <!-- @AfterMethod testIT -->
  <testcase classname="EventBuizz.EventBuizz.EventCenterDashBoard" name="@AfterMethod testIT" time="0.0">
    <skipped/>
  </testcase> <!-- @AfterMethod testIT -->
  <testcase classname="EventBuizz.EventBuizz.EventCenterDashBoard" name="@AfterMethod testIT" time="0.0">
    <skipped/>
  </testcase> <!-- @AfterMethod testIT -->
  <testcase classname="EventBuizz.EventBuizz.EventCenterDashBoard" name="@AfterMethod testIT" time="0.0">
    <skipped/>
  </testcase> <!-- @AfterMethod testIT -->
  <testcase classname="EventBuizz.EventBuizz.EventCenterDashBoard" name="@AfterMethod testIT" time="0.0">
    <skipped/>
  </testcase> <!-- @AfterMethod testIT -->
  <testcase classname="EventBuizz.EventBuizz.EventCenterDashBoard" name="@AfterMethod testIT" time="0.0">
    <skipped/>
  </testcase> <!-- @AfterMethod testIT -->
  <testcase classname="EventBuizz.EventBuizz.EventCenterDashBoard" name="ValidateThatSearchFieldExistOnTheDashBoard" time="2.014">
    <failure type="org.openqa.selenium.WebDriverException" message="Failed to decode response from marionette
Build info: version: &amp;apos;3.8.1&amp;apos;, revision: &amp;apos;6e95a6684b&amp;apos;, time: &amp;apos;2017-12-01T18:33:54.468Z&amp;apos;
System info: host: &amp;apos;DESKTOP-ECUBPED&amp;apos;, ip: &amp;apos;192.168.100.8&amp;apos;, os.name: &amp;apos;Windows 10&amp;apos;, os.arch: &amp;apos;amd64&amp;apos;, os.version: &amp;apos;10.0&amp;apos;, java.version: &amp;apos;15.0.2&amp;apos;
Driver info: org.openqa.selenium.firefox.FirefoxDriver
Capabilities {acceptInsecureCerts: true, browserName: firefox, browserVersion: 89.0.2, javascriptEnabled: true, moz:accessibilityChecks: false, moz:buildID: 20210622155641, moz:geckodriverVersion: 0.29.1, moz:headless: false, moz:processID: 21356, moz:profile: C:\Users\MR MUDASSAR\AppDat..., moz:shutdownTimeout: 60000, moz:useNonSpecCompliantPointerOrigin: false, moz:webdriverClick: true, pageLoadStrategy: normal, platform: WINDOWS, platformName: WINDOWS, platformVersion: 10.0, setWindowRect: true, strictFileInteractability: false, timeouts: {implicit: 0, pageLoad: 300000, script: 30000}, unhandledPromptBehavior: dismiss and notify}
Session ID: ec0a8701-13b1-4e33-b31b-fe768c34b36d">
      <![CDATA[org.openqa.selenium.WebDriverException: Failed to decode response from marionette
Build info: version: '3.8.1', revision: '6e95a6684b', time: '2017-12-01T18:33:54.468Z'
System info: host: 'DESKTOP-ECUBPED', ip: '192.168.100.8', os.name: 'Windows 10', os.arch: 'amd64', os.version: '10.0', java.version: '15.0.2'
Driver info: org.openqa.selenium.firefox.FirefoxDriver
Capabilities {acceptInsecureCerts: true, browserName: firefox, browserVersion: 89.0.2, javascriptEnabled: true, moz:accessibilityChecks: false, moz:buildID: 20210622155641, moz:geckodriverVersion: 0.29.1, moz:headless: false, moz:processID: 21356, moz:profile: C:\Users\MR MUDASSAR\AppDat..., moz:shutdownTimeout: 60000, moz:useNonSpecCompliantPointerOrigin: false, moz:webdriverClick: true, pageLoadStrategy: normal, platform: WINDOWS, platformName: WINDOWS, platformVersion: 10.0, setWindowRect: true, strictFileInteractability: false, timeouts: {implicit: 0, pageLoad: 300000, script: 30000}, unhandledPromptBehavior: dismiss and notify}
Session ID: ec0a8701-13b1-4e33-b31b-fe768c34b36d
at org.openqa.selenium.remote.http.W3CHttpResponseCodec.createException(W3CHttpResponseCodec.java:187)
at org.openqa.selenium.remote.http.W3CHttpResponseCodec.decode(W3CHttpResponseCodec.java:122)
at org.openqa.selenium.remote.http.W3CHttpResponseCodec.decode(W3CHttpResponseCodec.java:49)
at org.openqa.selenium.remote.HttpCommandExecutor.execute(HttpCommandExecutor.java:164)
at org.openqa.selenium.remote.service.DriverCommandExecutor.execute(DriverCommandExecutor.java:83)
at org.openqa.selenium.remote.RemoteWebDriver.execute(RemoteWebDriver.java:601)
at org.openqa.selenium.remote.RemoteWebDriver$RemoteWebDriverOptions$RemoteTimeouts.implicitlyWait(RemoteWebDriver.java:835)
at EventBuizz.EventBuizz.EventCenterDashBoard.ValidateThatSearchFieldExistOnTheDashBoard(EventCenterDashBoard.java:48)
... Removed 30 stack frames]]>
    </failure>
  </testcase> <!-- ValidateThatSearchFieldExistOnTheDashBoard -->
  <testcase classname="EventBuizz.EventBuizz.EventCenterDashBoard" name="ValidateThatSearchIsWorkingOnTheDashBoard" time="0.0">
    <skipped/>
  </testcase> <!-- ValidateThatSearchIsWorkingOnTheDashBoard -->
  <testcase classname="EventBuizz.EventBuizz.EventCenterDashBoard" name="ValidateThatSearchIsWorkingCorrectly" time="0.0">
    <skipped/>
  </testcase> <!-- ValidateThatSearchIsWorkingCorrectly -->
  <testcase classname="EventBuizz.EventBuizz.EventCenterDashBoard" name="ValidateThatSearchIsWorkingCorrectly" time="0.0">
    <skipped/>
  </testcase> <!-- ValidateThatSearchIsWorkingCorrectly -->
  <testcase classname="EventBuizz.EventBuizz.EventCenterDashBoard" name="ValidateThatSearchIsWorkingCorrectly" time="0.0">
    <skipped/>
  </testcase> <!-- ValidateThatSearchIsWorkingCorrectly -->
  <testcase classname="EventBuizz.EventBuizz.EventCenterDashBoard" name="ValidateThatSearchIsWorkingCorrectly" time="0.0">
    <skipped/>
  </testcase> <!-- ValidateThatSearchIsWorkingCorrectly -->
  <testcase classname="EventBuizz.EventBuizz.EventCenterDashBoard" name="ValidateFiltersFieldisDsiplayedOnTheDashBoard" time="0.0">
    <skipped/>
  </testcase> <!-- ValidateFiltersFieldisDsiplayedOnTheDashBoard -->
  <testcase classname="EventBuizz.EventBuizz.EventCenterDashBoard" name="ValidateActiveandFutureFilterIsWorkingCorrectly" time="0.0">
    <skipped/>
  </testcase> <!-- ValidateActiveandFutureFilterIsWorkingCorrectly -->
  <testcase classname="EventBuizz.EventBuizz.EventCenterDashBoard" name="ValidateActiveFilterIsWorkingCorrectly" time="0.0">
    <skipped/>
  </testcase> <!-- ValidateActiveFilterIsWorkingCorrectly -->
  <testcase classname="EventBuizz.EventBuizz.EventCenterDashBoard" name="ValidateExpiredFilterIsWorkingCorrectly" time="0.0">
    <skipped/>
  </testcase> <!-- ValidateExpiredFilterIsWorkingCorrectly -->
  <testcase classname="EventBuizz.EventBuizz.EventCenterDashBoard" name="ValidateFutureFilterIsWorkingCorrectly" time="0.0">
    <skipped/>
  </testcase> <!-- ValidateFutureFilterIsWorkingCorrectly -->
  <testcase classname="EventBuizz.EventBuizz.EventCenterDashBoard" name="ValidateAllFilterIsWorkingCorrectly" time="0.0">
    <skipped/>
  </testcase> <!-- ValidateAllFilterIsWorkingCorrectly -->
  <testcase classname="EventBuizz.EventBuizz.EventCenterDashBoard" name="EventSelect" time="0.0">
    <skipped/>
  </testcase> <!-- EventSelect -->
</testsuite> <!-- DashBaord -->
