<?xml version="1.0" encoding="UTF-8"?>
<!-- Generated by org.testng.reporters.JUnitXMLReporter -->
<testsuite ignored="1" hostname="DESKTOP-ECUBPED" failures="0" tests="7" name="Demo" time="21.624" errors="0" timestamp="28 May 2021 14:03:51 GMT">
  <testcase classname="EventBuizz.EventBuizz.curiato_Demo" name="ValidateThePageTitle" time="0.046"/>
  <testcase classname="EventBuizz.EventBuizz.curiato_Demo" name="ValidateTheFieldsHintText" time="5.125"/>
  <testcase classname="EventBuizz.EventBuizz.curiato_Demo" name="ValidateThatKeepMeSignIndex" time="0.057"/>
  <testcase classname="EventBuizz.EventBuizz.curiato_Demo" name="ValidateThatForgotPasswordIndex" time="0.105"/>
  <testcase classname="EventBuizz.EventBuizz.curiato_Demo" name="ValidateThatfieldsAreNotDisorderwhenMinimizetheScreen" time="10.603"/>
  <testcase classname="EventBuizz.EventBuizz.curiato_Demo" name="ValidateLoginWithWrongCombination" time="1.305"/>
  <testcase classname="EventBuizz.EventBuizz.curiato_Demo" name="ValidateLoginWithCorrectCombination" time="3.316"/>
  <testcase classname="EventBuizz.EventBuizz.Configuration" name="@BeforeSuite LaunchApplication" time="0.0">
    <ignored/>
  </testcase> <!-- @BeforeSuite LaunchApplication -->
</testsuite> <!-- Demo -->
