<?xml version="1.0" encoding="UTF-8"?>
<!-- Generated by org.testng.reporters.JUnitXMLReporter -->
<testsuite ignored="1" hostname="DESKTOP-ECUBPED" failures="0" tests="1" name="Demo" time="35.793" errors="0" timestamp="21 Jun 2021 08:18:05 GMT">
  <testcase classname="EventBuizz.EventBuizz.curiato_Demo" name="ValidatetheMovieRating" time="35.159"/>
  <testcase classname="EventBuizz.EventBuizz.Configuration" name="@BeforeSuite LaunchApplication" time="0.0">
    <ignored/>
  </testcase> <!-- @BeforeSuite LaunchApplication -->
</testsuite> <!-- Demo -->
