<?xml version="1.0" encoding="UTF-8"?>
<!-- Generated by org.testng.reporters.JUnitXMLReporter -->
<testsuite ignored="1" hostname="DESKTOP-ECUBPED" failures="2" tests="11" name="EventBuizz Admin Login" time="5.882" errors="0" timestamp="01 Sep 2021 12:48:07 GMT">
  <testcase classname="EventBuizz.EventBuizz.AdminLogin" name="@AfterMethod testIT" time="0.027">
    <failure type="org.openqa.selenium.NoSuchWindowException" message="Browsing context has been discarded
Build info: version: &amp;apos;3.8.1&amp;apos;, revision: &amp;apos;6e95a6684b&amp;apos;, time: &amp;apos;2017-12-01T18:33:54.468Z&amp;apos;
System info: host: &amp;apos;DESKTOP-ECUBPED&amp;apos;, ip: &amp;apos;192.168.100.8&amp;apos;, os.name: &amp;apos;Windows 10&amp;apos;, os.arch: &amp;apos;amd64&amp;apos;, os.version: &amp;apos;10.0&amp;apos;, java.version: &amp;apos;15.0.2&amp;apos;
Driver info: org.openqa.selenium.firefox.FirefoxDriver
Capabilities {acceptInsecureCerts: true, browserName: firefox, browserVersion: 89.0.2, javascriptEnabled: true, moz:accessibilityChecks: false, moz:buildID: 20210622155641, moz:geckodriverVersion: 0.29.1, moz:headless: false, moz:processID: 21356, moz:profile: C:\Users\MR MUDASSAR\AppDat..., moz:shutdownTimeout: 60000, moz:useNonSpecCompliantPointerOrigin: false, moz:webdriverClick: true, pageLoadStrategy: normal, platform: WINDOWS, platformName: WINDOWS, platformVersion: 10.0, setWindowRect: true, strictFileInteractability: false, timeouts: {implicit: 0, pageLoad: 300000, script: 30000}, unhandledPromptBehavior: dismiss and notify}
Session ID: ec0a8701-13b1-4e33-b31b-fe768c34b36d">
      <![CDATA[org.openqa.selenium.NoSuchWindowException: Browsing context has been discarded
Build info: version: '3.8.1', revision: '6e95a6684b', time: '2017-12-01T18:33:54.468Z'
System info: host: 'DESKTOP-ECUBPED', ip: '192.168.100.8', os.name: 'Windows 10', os.arch: 'amd64', os.version: '10.0', java.version: '15.0.2'
Driver info: org.openqa.selenium.firefox.FirefoxDriver
Capabilities {acceptInsecureCerts: true, browserName: firefox, browserVersion: 89.0.2, javascriptEnabled: true, moz:accessibilityChecks: false, moz:buildID: 20210622155641, moz:geckodriverVersion: 0.29.1, moz:headless: false, moz:processID: 21356, moz:profile: C:\Users\MR MUDASSAR\AppDat..., moz:shutdownTimeout: 60000, moz:useNonSpecCompliantPointerOrigin: false, moz:webdriverClick: true, pageLoadStrategy: normal, platform: WINDOWS, platformName: WINDOWS, platformVersion: 10.0, setWindowRect: true, strictFileInteractability: false, timeouts: {implicit: 0, pageLoad: 300000, script: 30000}, unhandledPromptBehavior: dismiss and notify}
Session ID: ec0a8701-13b1-4e33-b31b-fe768c34b36d
at org.openqa.selenium.remote.http.W3CHttpResponseCodec.createException(W3CHttpResponseCodec.java:187)
at org.openqa.selenium.remote.http.W3CHttpResponseCodec.decode(W3CHttpResponseCodec.java:122)
at org.openqa.selenium.remote.http.W3CHttpResponseCodec.decode(W3CHttpResponseCodec.java:49)
at org.openqa.selenium.remote.HttpCommandExecutor.execute(HttpCommandExecutor.java:164)
at org.openqa.selenium.remote.service.DriverCommandExecutor.execute(DriverCommandExecutor.java:83)
at org.openqa.selenium.remote.RemoteWebDriver.execute(RemoteWebDriver.java:601)
at org.openqa.selenium.remote.RemoteWebDriver.execute(RemoteWebDriver.java:658)
at org.openqa.selenium.remote.RemoteWebDriver.getScreenshotAs(RemoteWebDriver.java:343)
at EventBuizz.EventBuizz.utility.captureScreenshot(utility.java:61)
at EventBuizz.EventBuizz.AdminLogin.testIT(AdminLogin.java:251)
... Removed 33 stack frames]]>
    </failure>
  </testcase> <!-- @AfterMethod testIT -->
  <testcase classname="EventBuizz.EventBuizz.AdminLogin" name="@AfterMethod testIT" time="0.0">
    <skipped/>
  </testcase> <!-- @AfterMethod testIT -->
  <testcase classname="EventBuizz.EventBuizz.AdminLogin" name="@AfterMethod testIT" time="0.0">
    <skipped/>
  </testcase> <!-- @AfterMethod testIT -->
  <testcase classname="EventBuizz.EventBuizz.AdminLogin" name="@AfterMethod testIT" time="0.0">
    <skipped/>
  </testcase> <!-- @AfterMethod testIT -->
  <testcase classname="EventBuizz.EventBuizz.AdminLogin" name="@AfterMethod testIT" time="0.0">
    <skipped/>
  </testcase> <!-- @AfterMethod testIT -->
  <testcase classname="EventBuizz.EventBuizz.AdminLogin" name="@AfterMethod testIT" time="0.0">
    <skipped/>
  </testcase> <!-- @AfterMethod testIT -->
  <testcase classname="EventBuizz.EventBuizz.AdminLogin" name="@AfterMethod testIT" time="0.0">
    <skipped/>
  </testcase> <!-- @AfterMethod testIT -->
  <testcase classname="EventBuizz.EventBuizz.AdminLogin" name="@AfterMethod testIT" time="0.0">
    <skipped/>
  </testcase> <!-- @AfterMethod testIT -->
  <testcase classname="EventBuizz.EventBuizz.AdminLogin" name="@AfterMethod testIT" time="0.0">
    <skipped/>
  </testcase> <!-- @AfterMethod testIT -->
  <testcase classname="EventBuizz.EventBuizz.AdminLogin" name="@AfterMethod testIT" time="0.0">
    <skipped/>
  </testcase> <!-- @AfterMethod testIT -->
  <testcase classname="EventBuizz.EventBuizz.AdminLogin" name="ValidateThePageTitle" time="0.03">
    <failure type="junit.framework.AssertionFailedError">
      <![CDATA[junit.framework.AssertionFailedError
at junit.framework.Assert.fail(Assert.java:55)
at junit.framework.Assert.assertTrue(Assert.java:22)
at junit.framework.Assert.assertTrue(Assert.java:31)
at EventBuizz.EventBuizz.AdminLogin.ValidateThePageTitle(AdminLogin.java:32)
... Removed 25 stack frames]]>
    </failure>
  </testcase> <!-- ValidateThePageTitle -->
  <testcase classname="EventBuizz.EventBuizz.AdminLogin" name="ValidateThatLOGINHEREHeadingPersistOnTheLoginPage" time="4.832">
    <failure type="org.openqa.selenium.WebDriverException" message="TypeError: browsingContextFn().currentWindowGlobal is null
Build info: version: &amp;apos;3.8.1&amp;apos;, revision: &amp;apos;6e95a6684b&amp;apos;, time: &amp;apos;2017-12-01T18:33:54.468Z&amp;apos;
System info: host: &amp;apos;DESKTOP-ECUBPED&amp;apos;, ip: &amp;apos;192.168.100.8&amp;apos;, os.name: &amp;apos;Windows 10&amp;apos;, os.arch: &amp;apos;amd64&amp;apos;, os.version: &amp;apos;10.0&amp;apos;, java.version: &amp;apos;15.0.2&amp;apos;
Driver info: org.openqa.selenium.firefox.FirefoxDriver
Capabilities {acceptInsecureCerts: true, browserName: firefox, browserVersion: 89.0.2, javascriptEnabled: true, moz:accessibilityChecks: false, moz:buildID: 20210622155641, moz:geckodriverVersion: 0.29.1, moz:headless: false, moz:processID: 21356, moz:profile: C:\Users\MR MUDASSAR\AppDat..., moz:shutdownTimeout: 60000, moz:useNonSpecCompliantPointerOrigin: false, moz:webdriverClick: true, pageLoadStrategy: normal, platform: WINDOWS, platformName: WINDOWS, platformVersion: 10.0, setWindowRect: true, strictFileInteractability: false, timeouts: {implicit: 0, pageLoad: 300000, script: 30000}, unhandledPromptBehavior: dismiss and notify}
Session ID: ec0a8701-13b1-4e33-b31b-fe768c34b36d
*** Element info: {Using=xpath, value=/html/body/div[1]/section/div/h1}">
      <![CDATA[org.openqa.selenium.WebDriverException: TypeError: browsingContextFn().currentWindowGlobal is null
Build info: version: '3.8.1', revision: '6e95a6684b', time: '2017-12-01T18:33:54.468Z'
System info: host: 'DESKTOP-ECUBPED', ip: '192.168.100.8', os.name: 'Windows 10', os.arch: 'amd64', os.version: '10.0', java.version: '15.0.2'
Driver info: org.openqa.selenium.firefox.FirefoxDriver
Capabilities {acceptInsecureCerts: true, browserName: firefox, browserVersion: 89.0.2, javascriptEnabled: true, moz:accessibilityChecks: false, moz:buildID: 20210622155641, moz:geckodriverVersion: 0.29.1, moz:headless: false, moz:processID: 21356, moz:profile: C:\Users\MR MUDASSAR\AppDat..., moz:shutdownTimeout: 60000, moz:useNonSpecCompliantPointerOrigin: false, moz:webdriverClick: true, pageLoadStrategy: normal, platform: WINDOWS, platformName: WINDOWS, platformVersion: 10.0, setWindowRect: true, strictFileInteractability: false, timeouts: {implicit: 0, pageLoad: 300000, script: 30000}, unhandledPromptBehavior: dismiss and notify}
Session ID: ec0a8701-13b1-4e33-b31b-fe768c34b36d
*** Element info: {Using=xpath, value=/html/body/div[1]/section/div/h1}
at org.openqa.selenium.remote.http.W3CHttpResponseCodec.createException(W3CHttpResponseCodec.java:187)
at org.openqa.selenium.remote.http.W3CHttpResponseCodec.decode(W3CHttpResponseCodec.java:122)
at org.openqa.selenium.remote.http.W3CHttpResponseCodec.decode(W3CHttpResponseCodec.java:49)
at org.openqa.selenium.remote.HttpCommandExecutor.execute(HttpCommandExecutor.java:164)
at org.openqa.selenium.remote.service.DriverCommandExecutor.execute(DriverCommandExecutor.java:83)
at org.openqa.selenium.remote.RemoteWebDriver.execute(RemoteWebDriver.java:601)
at org.openqa.selenium.remote.RemoteWebDriver.findElement(RemoteWebDriver.java:371)
at org.openqa.selenium.remote.RemoteWebDriver.findElementByXPath(RemoteWebDriver.java:473)
at org.openqa.selenium.By$ByXPath.findElement(By.java:361)
at org.openqa.selenium.remote.RemoteWebDriver.findElement(RemoteWebDriver.java:363)
at EventBuizz.EventBuizz.AdminLogin.GetLoginHeading(AdminLogin.java:204)
at EventBuizz.EventBuizz.AdminLogin.ValidateThatLOGINHEREHeadingPersistOnTheLoginPage(AdminLogin.java:41)
... Removed 30 stack frames]]>
    </failure>
  </testcase> <!-- ValidateThatLOGINHEREHeadingPersistOnTheLoginPage -->
  <testcase classname="EventBuizz.EventBuizz.AdminLogin" name="ValidateUserNameFieldPersistOnTheLoginPage" time="0.0">
    <skipped/>
  </testcase> <!-- ValidateUserNameFieldPersistOnTheLoginPage -->
  <testcase classname="EventBuizz.EventBuizz.AdminLogin" name="ValidatePasswordFieldPersistOnTheLoginPage" time="0.0">
    <skipped/>
  </testcase> <!-- ValidatePasswordFieldPersistOnTheLoginPage -->
  <testcase classname="EventBuizz.EventBuizz.AdminLogin" name="ValidateLoginWithWrongCombination" time="0.0">
    <skipped/>
  </testcase> <!-- ValidateLoginWithWrongCombination -->
  <testcase classname="EventBuizz.EventBuizz.AdminLogin" name="ValidateLoginWithWrongCombination" time="0.0">
    <skipped/>
  </testcase> <!-- ValidateLoginWithWrongCombination -->
  <testcase classname="EventBuizz.EventBuizz.AdminLogin" name="ValidateLoginWithWrongCombination" time="0.0">
    <skipped/>
  </testcase> <!-- ValidateLoginWithWrongCombination -->
  <testcase classname="EventBuizz.EventBuizz.AdminLogin" name="ValidateLoginWithEmptyStrtings" time="0.0">
    <skipped/>
  </testcase> <!-- ValidateLoginWithEmptyStrtings -->
  <testcase classname="EventBuizz.EventBuizz.AdminLogin" name="ValidateLoginWithEmptyUserName" time="0.0">
    <skipped/>
  </testcase> <!-- ValidateLoginWithEmptyUserName -->
  <testcase classname="EventBuizz.EventBuizz.AdminLogin" name="ValidateLoginWithEmpPassword" time="0.0">
    <skipped/>
  </testcase> <!-- ValidateLoginWithEmpPassword -->
  <testcase classname="EventBuizz.EventBuizz.AdminLogin" name="ValidateLoginWithCorrectUserNameAndPassword" time="0.0">
    <skipped/>
  </testcase> <!-- ValidateLoginWithCorrectUserNameAndPassword -->
  <testcase classname="EventBuizz.EventBuizz.Configuration" name="@BeforeSuite LaunchApplication" time="0.0">
    <ignored/>
  </testcase> <!-- @BeforeSuite LaunchApplication -->
</testsuite> <!-- EventBuizz Admin Login -->
