<?xml version="1.0" encoding="UTF-8"?>
<testng-results ignored="0" total="3" passed="3" failed="0" skipped="0">
  <reporter-output>
  </reporter-output>
  <suite started-at="2022-03-09T13:00:02Z" name="EventBuizz" finished-at="2022-03-09T13:00:09Z" duration-ms="6937">
    <groups>
    </groups>
    <test started-at="2022-03-09T13:00:02Z" name="Api Automation" finished-at="2022-03-09T13:00:09Z" duration-ms="6937">
      <class name="EventBuizz.EventBuizz.MyAPiAutomation">
        <test-method signature="GetBooks()[pri:1, instance:EventBuizz.EventBuizz.MyAPiAutomation@482bce4f]" started-at="2022-03-09T13:00:02Z" name="GetBooks" finished-at="2022-03-09T13:00:06Z" duration-ms="4252" status="PASS">
          <reporter-output>
          </reporter-output>
        </test-method> <!-- GetBooks -->
        <test-method signature="GetBooks1()[pri:2, instance:EventBuizz.EventBuizz.MyAPiAutomation@482bce4f]" started-at="2022-03-09T13:00:06Z" name="GetBooks1" finished-at="2022-03-09T13:00:07Z" duration-ms="791" status="PASS">
          <reporter-output>
          </reporter-output>
        </test-method> <!-- GetBooks1 -->
        <test-method signature="APiSutomation()[pri:3, instance:EventBuizz.EventBuizz.MyAPiAutomation@482bce4f]" started-at="2022-03-09T13:00:07Z" name="APiSutomation" finished-at="2022-03-09T13:00:08Z" duration-ms="1831" status="PASS">
          <reporter-output>
          </reporter-output>
        </test-method> <!-- APiSutomation -->
      </class> <!-- EventBuizz.EventBuizz.MyAPiAutomation -->
    </test> <!-- Api Automation -->
  </suite> <!-- EventBuizz -->
</testng-results>
