<?xml version="1.0" encoding="UTF-8"?>
<testng-results ignored="1" total="28" passed="26" failed="1" skipped="0">
  <reporter-output>
    <line>
      <![CDATA[<a href='C:\Users\MR MUDASSAR\git\My-Project\target\surefire-reports\failure_screenshots\VerifyADDATMScreenOpened_19_02_2023_04_49_52.png'> <img src='C:\Users\MR MUDASSAR\git\My-Project\target\surefire-reports\failure_screenshots\VerifyADDATMScreenOpened_19_02_2023_04_49_52.png' height='100' width='100'/> </a>]]>
    </line>
  </reporter-output>
  <suite started-at="2023-02-19T11:49:23Z" name="ReconStream" finished-at="2023-02-19T11:50:06Z" duration-ms="42948">
    <groups>
    </groups>
    <test started-at="2023-02-19T11:49:23Z" name=" Login" finished-at="2023-02-19T11:49:34Z" duration-ms="11652">
      <class name="TimeStreamGroup.Reconstream.Login">
        <test-method signature="ValidateThePageTitle()[pri:1, instance:TimeStreamGroup.Reconstream.Login@a2431d0]" started-at="2023-02-19T11:49:23Z" name="ValidateThePageTitle" finished-at="2023-02-19T11:49:23Z" duration-ms="33" status="PASS">
          <reporter-output>
          </reporter-output>
        </test-method> <!-- ValidateThePageTitle -->
        <test-method is-config="true" signature="testIT(org.testng.ITestResult)[pri:0, instance:TimeStreamGroup.Reconstream.Login@a2431d0]" started-at="2023-02-19T11:49:23Z" name="testIT" finished-at="2023-02-19T11:49:23Z" duration-ms="410" status="PASS">
          <params>
            <param index="0">
              <value>
                <![CDATA[[TestResult name=ValidateThePageTitle status=SUCCESS method=Login.ValidateThePageTitle()[pri:1, instance:TimeStreamGroup.Reconstream.Login@a2431d0] output={null}]]]>
              </value>
            </param>
          </params>
          <reporter-output>
          </reporter-output>
        </test-method> <!-- testIT -->
        <test-method signature="ValidateThatSignInHeadingPersistOnTheLoginPage()[pri:2, instance:TimeStreamGroup.Reconstream.Login@a2431d0]" started-at="2023-02-19T11:49:23Z" name="ValidateThatSignInHeadingPersistOnTheLoginPage" finished-at="2023-02-19T11:49:23Z" duration-ms="58" status="PASS">
          <reporter-output>
          </reporter-output>
        </test-method> <!-- ValidateThatSignInHeadingPersistOnTheLoginPage -->
        <test-method is-config="true" signature="testIT(org.testng.ITestResult)[pri:0, instance:TimeStreamGroup.Reconstream.Login@a2431d0]" started-at="2023-02-19T11:49:23Z" name="testIT" finished-at="2023-02-19T11:49:23Z" duration-ms="61" status="PASS">
          <params>
            <param index="0">
              <value>
                <![CDATA[[TestResult name=ValidateThatSignInHeadingPersistOnTheLoginPage status=SUCCESS method=Login.ValidateThatSignInHeadingPersistOnTheLoginPage()[pri:2, instance:TimeStreamGroup.Reconstream.Login@a2431d0] output={null}]]]>
              </value>
            </param>
          </params>
          <reporter-output>
          </reporter-output>
        </test-method> <!-- testIT -->
        <test-method signature="ValidateThatLoginTextPersistOnTheLoginPage()[pri:3, instance:TimeStreamGroup.Reconstream.Login@a2431d0]" started-at="2023-02-19T11:49:23Z" name="ValidateThatLoginTextPersistOnTheLoginPage" finished-at="2023-02-19T11:49:23Z" duration-ms="21" status="PASS">
          <reporter-output>
          </reporter-output>
        </test-method> <!-- ValidateThatLoginTextPersistOnTheLoginPage -->
        <test-method is-config="true" signature="testIT(org.testng.ITestResult)[pri:0, instance:TimeStreamGroup.Reconstream.Login@a2431d0]" started-at="2023-02-19T11:49:23Z" name="testIT" finished-at="2023-02-19T11:49:23Z" duration-ms="57" status="PASS">
          <params>
            <param index="0">
              <value>
                <![CDATA[[TestResult name=ValidateThatLoginTextPersistOnTheLoginPage status=SUCCESS method=Login.ValidateThatLoginTextPersistOnTheLoginPage()[pri:3, instance:TimeStreamGroup.Reconstream.Login@a2431d0] output={null}]]]>
              </value>
            </param>
          </params>
          <reporter-output>
          </reporter-output>
        </test-method> <!-- testIT -->
        <test-method signature="ValidateUserNameFieldPersistOnTheLoginPage()[pri:4, instance:TimeStreamGroup.Reconstream.Login@a2431d0]" started-at="2023-02-19T11:49:23Z" name="ValidateUserNameFieldPersistOnTheLoginPage" finished-at="2023-02-19T11:49:24Z" duration-ms="56" status="PASS">
          <reporter-output>
          </reporter-output>
        </test-method> <!-- ValidateUserNameFieldPersistOnTheLoginPage -->
        <test-method is-config="true" signature="testIT(org.testng.ITestResult)[pri:0, instance:TimeStreamGroup.Reconstream.Login@a2431d0]" started-at="2023-02-19T11:49:24Z" name="testIT" finished-at="2023-02-19T11:49:24Z" duration-ms="54" status="PASS">
          <params>
            <param index="0">
              <value>
                <![CDATA[[TestResult name=ValidateUserNameFieldPersistOnTheLoginPage status=SUCCESS method=Login.ValidateUserNameFieldPersistOnTheLoginPage()[pri:4, instance:TimeStreamGroup.Reconstream.Login@a2431d0] output={null}]]]>
              </value>
            </param>
          </params>
          <reporter-output>
          </reporter-output>
        </test-method> <!-- testIT -->
        <test-method signature="ValidatePasswordFieldPersistOnTheLoginPage()[pri:5, instance:TimeStreamGroup.Reconstream.Login@a2431d0]" started-at="2023-02-19T11:49:24Z" name="ValidatePasswordFieldPersistOnTheLoginPage" finished-at="2023-02-19T11:49:24Z" duration-ms="41" status="PASS">
          <reporter-output>
          </reporter-output>
        </test-method> <!-- ValidatePasswordFieldPersistOnTheLoginPage -->
        <test-method is-config="true" signature="testIT(org.testng.ITestResult)[pri:0, instance:TimeStreamGroup.Reconstream.Login@a2431d0]" started-at="2023-02-19T11:49:24Z" name="testIT" finished-at="2023-02-19T11:49:24Z" duration-ms="53" status="PASS">
          <params>
            <param index="0">
              <value>
                <![CDATA[[TestResult name=ValidatePasswordFieldPersistOnTheLoginPage status=SUCCESS method=Login.ValidatePasswordFieldPersistOnTheLoginPage()[pri:5, instance:TimeStreamGroup.Reconstream.Login@a2431d0] output={null}]]]>
              </value>
            </param>
          </params>
          <reporter-output>
          </reporter-output>
        </test-method> <!-- testIT -->
        <test-method signature="ValidateForGotPasswordPersistOnTheLoginPage()[pri:6, instance:TimeStreamGroup.Reconstream.Login@a2431d0]" started-at="2023-02-19T11:49:24Z" name="ValidateForGotPasswordPersistOnTheLoginPage" finished-at="2023-02-19T11:49:24Z" duration-ms="40" status="PASS">
          <reporter-output>
          </reporter-output>
        </test-method> <!-- ValidateForGotPasswordPersistOnTheLoginPage -->
        <test-method is-config="true" signature="testIT(org.testng.ITestResult)[pri:0, instance:TimeStreamGroup.Reconstream.Login@a2431d0]" started-at="2023-02-19T11:49:24Z" name="testIT" finished-at="2023-02-19T11:49:24Z" duration-ms="45" status="PASS">
          <params>
            <param index="0">
              <value>
                <![CDATA[[TestResult name=ValidateForGotPasswordPersistOnTheLoginPage status=SUCCESS method=Login.ValidateForGotPasswordPersistOnTheLoginPage()[pri:6, instance:TimeStreamGroup.Reconstream.Login@a2431d0] output={null}]]]>
              </value>
            </param>
          </params>
          <reporter-output>
          </reporter-output>
        </test-method> <!-- testIT -->
        <test-method signature="ValidateSigInButtonPersistOnTheLoginPage()[pri:7, instance:TimeStreamGroup.Reconstream.Login@a2431d0]" started-at="2023-02-19T11:49:24Z" name="ValidateSigInButtonPersistOnTheLoginPage" finished-at="2023-02-19T11:49:24Z" duration-ms="35" status="PASS">
          <reporter-output>
          </reporter-output>
        </test-method> <!-- ValidateSigInButtonPersistOnTheLoginPage -->
        <test-method is-config="true" signature="testIT(org.testng.ITestResult)[pri:0, instance:TimeStreamGroup.Reconstream.Login@a2431d0]" started-at="2023-02-19T11:49:24Z" name="testIT" finished-at="2023-02-19T11:49:24Z" duration-ms="39" status="PASS">
          <params>
            <param index="0">
              <value>
                <![CDATA[[TestResult name=ValidateSigInButtonPersistOnTheLoginPage status=SUCCESS method=Login.ValidateSigInButtonPersistOnTheLoginPage()[pri:7, instance:TimeStreamGroup.Reconstream.Login@a2431d0] output={null}]]]>
              </value>
            </param>
          </params>
          <reporter-output>
          </reporter-output>
        </test-method> <!-- testIT -->
        <test-method signature="ValidateUserNameFieldIsEnabled()[pri:8, instance:TimeStreamGroup.Reconstream.Login@a2431d0]" started-at="2023-02-19T11:49:24Z" name="ValidateUserNameFieldIsEnabled" finished-at="2023-02-19T11:49:24Z" duration-ms="29" status="PASS">
          <reporter-output>
          </reporter-output>
        </test-method> <!-- ValidateUserNameFieldIsEnabled -->
        <test-method is-config="true" signature="testIT(org.testng.ITestResult)[pri:0, instance:TimeStreamGroup.Reconstream.Login@a2431d0]" started-at="2023-02-19T11:49:24Z" name="testIT" finished-at="2023-02-19T11:49:24Z" duration-ms="43" status="PASS">
          <params>
            <param index="0">
              <value>
                <![CDATA[[TestResult name=ValidateUserNameFieldIsEnabled status=SUCCESS method=Login.ValidateUserNameFieldIsEnabled()[pri:8, instance:TimeStreamGroup.Reconstream.Login@a2431d0] output={null}]]]>
              </value>
            </param>
          </params>
          <reporter-output>
          </reporter-output>
        </test-method> <!-- testIT -->
        <test-method signature="ValidatePasswordFieldEnabled()[pri:9, instance:TimeStreamGroup.Reconstream.Login@a2431d0]" started-at="2023-02-19T11:49:24Z" name="ValidatePasswordFieldEnabled" finished-at="2023-02-19T11:49:24Z" duration-ms="19" status="PASS">
          <reporter-output>
          </reporter-output>
        </test-method> <!-- ValidatePasswordFieldEnabled -->
        <test-method is-config="true" signature="testIT(org.testng.ITestResult)[pri:0, instance:TimeStreamGroup.Reconstream.Login@a2431d0]" started-at="2023-02-19T11:49:24Z" name="testIT" finished-at="2023-02-19T11:49:24Z" duration-ms="35" status="PASS">
          <params>
            <param index="0">
              <value>
                <![CDATA[[TestResult name=ValidatePasswordFieldEnabled status=SUCCESS method=Login.ValidatePasswordFieldEnabled()[pri:9, instance:TimeStreamGroup.Reconstream.Login@a2431d0] output={null}]]]>
              </value>
            </param>
          </params>
          <reporter-output>
          </reporter-output>
        </test-method> <!-- testIT -->
        <test-method signature="ValidateLoginWithEmptyStrtings(java.lang.String, java.lang.String)[pri:10, instance:TimeStreamGroup.Reconstream.Login@a2431d0]" started-at="2023-02-19T11:49:24Z" name="ValidateLoginWithEmptyStrtings" data-provider="EmptyString" finished-at="2023-02-19T11:49:24Z" duration-ms="406" status="PASS">
          <params>
            <param index="0">
              <value>
                <![CDATA[]]>
              </value>
            </param>
            <param index="1">
              <value>
                <![CDATA[]]>
              </value>
            </param>
          </params>
          <reporter-output>
          </reporter-output>
        </test-method> <!-- ValidateLoginWithEmptyStrtings -->
        <test-method is-config="true" signature="testIT(org.testng.ITestResult)[pri:0, instance:TimeStreamGroup.Reconstream.Login@a2431d0]" started-at="2023-02-19T11:49:24Z" name="testIT" finished-at="2023-02-19T11:49:24Z" duration-ms="31" status="PASS">
          <params>
            <param index="0">
              <value>
                <![CDATA[[TestResult name=ValidateLoginWithEmptyStrtings status=SUCCESS method=Login.ValidateLoginWithEmptyStrtings(java.lang.String, java.lang.String)[pri:10, instance:TimeStreamGroup.Reconstream.Login@a2431d0] output={null}]]]>
              </value>
            </param>
          </params>
          <reporter-output>
          </reporter-output>
        </test-method> <!-- testIT -->
        <test-method signature="ValidateLoginWithEmptyUserName(java.lang.String, java.lang.String)[pri:11, instance:TimeStreamGroup.Reconstream.Login@a2431d0]" started-at="2023-02-19T11:49:24Z" name="ValidateLoginWithEmptyUserName" data-provider="EmptyPasswordField" finished-at="2023-02-19T11:49:26Z" duration-ms="1494" status="PASS">
          <params>
            <param index="0">
              <value>
                <![CDATA[ch.mudassar.munir@gmail.com]]>
              </value>
            </param>
            <param index="1">
              <value>
                <![CDATA[]]>
              </value>
            </param>
          </params>
          <reporter-output>
          </reporter-output>
        </test-method> <!-- ValidateLoginWithEmptyUserName -->
        <test-method is-config="true" signature="testIT(org.testng.ITestResult)[pri:0, instance:TimeStreamGroup.Reconstream.Login@a2431d0]" started-at="2023-02-19T11:49:26Z" name="testIT" finished-at="2023-02-19T11:49:26Z" duration-ms="33" status="PASS">
          <params>
            <param index="0">
              <value>
                <![CDATA[[TestResult name=ValidateLoginWithEmptyUserName status=SUCCESS method=Login.ValidateLoginWithEmptyUserName(java.lang.String, java.lang.String)[pri:11, instance:TimeStreamGroup.Reconstream.Login@a2431d0] output={null}]]]>
              </value>
            </param>
          </params>
          <reporter-output>
          </reporter-output>
        </test-method> <!-- testIT -->
        <test-method signature="ValidateLoginWithEmpPassword(java.lang.String, java.lang.String)[pri:12, instance:TimeStreamGroup.Reconstream.Login@a2431d0]" started-at="2023-02-19T11:49:26Z" name="ValidateLoginWithEmpPassword" data-provider="EmptyUserNameField" finished-at="2023-02-19T11:49:26Z" duration-ms="413" status="PASS">
          <params>
            <param index="0">
              <value>
                <![CDATA[]]>
              </value>
            </param>
            <param index="1">
              <value>
                <![CDATA[12345678]]>
              </value>
            </param>
          </params>
          <reporter-output>
          </reporter-output>
        </test-method> <!-- ValidateLoginWithEmpPassword -->
        <test-method is-config="true" signature="testIT(org.testng.ITestResult)[pri:0, instance:TimeStreamGroup.Reconstream.Login@a2431d0]" started-at="2023-02-19T11:49:26Z" name="testIT" finished-at="2023-02-19T11:49:26Z" duration-ms="37" status="PASS">
          <params>
            <param index="0">
              <value>
                <![CDATA[[TestResult name=ValidateLoginWithEmpPassword status=SUCCESS method=Login.ValidateLoginWithEmpPassword(java.lang.String, java.lang.String)[pri:12, instance:TimeStreamGroup.Reconstream.Login@a2431d0] output={null}]]]>
              </value>
            </param>
          </params>
          <reporter-output>
          </reporter-output>
        </test-method> <!-- testIT -->
        <test-method signature="ValidateLoginWithWrongCombination(java.lang.String, java.lang.String)[pri:13, instance:TimeStreamGroup.Reconstream.Login@a2431d0]" started-at="2023-02-19T11:49:26Z" name="ValidateLoginWithWrongCombination" data-provider="Authentication" finished-at="2023-02-19T11:49:29Z" duration-ms="2143" status="PASS">
          <params>
            <param index="0">
              <value>
                <![CDATA[Test@mailinator.com]]>
              </value>
            </param>
            <param index="1">
              <value>
                <![CDATA[test]]>
              </value>
            </param>
          </params>
          <reporter-output>
          </reporter-output>
        </test-method> <!-- ValidateLoginWithWrongCombination -->
        <test-method is-config="true" signature="testIT(org.testng.ITestResult)[pri:0, instance:TimeStreamGroup.Reconstream.Login@a2431d0]" started-at="2023-02-19T11:49:29Z" name="testIT" finished-at="2023-02-19T11:49:29Z" duration-ms="46" status="PASS">
          <params>
            <param index="0">
              <value>
                <![CDATA[[TestResult name=ValidateLoginWithWrongCombination status=SUCCESS method=Login.ValidateLoginWithWrongCombination(java.lang.String, java.lang.String)[pri:13, instance:TimeStreamGroup.Reconstream.Login@a2431d0] output={null}]]]>
              </value>
            </param>
          </params>
          <reporter-output>
          </reporter-output>
        </test-method> <!-- testIT -->
        <test-method signature="ValidateLoginWithWrongCombination(java.lang.String, java.lang.String)[pri:13, instance:TimeStreamGroup.Reconstream.Login@a2431d0]" started-at="2023-02-19T11:49:29Z" name="ValidateLoginWithWrongCombination" data-provider="Authentication" finished-at="2023-02-19T11:49:30Z" duration-ms="1591" status="PASS">
          <params>
            <param index="0">
              <value>
                <![CDATA[mudassar.munir@timestreamgroup.com]]>
              </value>
            </param>
            <param index="1">
              <value>
                <![CDATA[test]]>
              </value>
            </param>
          </params>
          <reporter-output>
          </reporter-output>
        </test-method> <!-- ValidateLoginWithWrongCombination -->
        <test-method is-config="true" signature="testIT(org.testng.ITestResult)[pri:0, instance:TimeStreamGroup.Reconstream.Login@a2431d0]" started-at="2023-02-19T11:49:30Z" name="testIT" finished-at="2023-02-19T11:49:30Z" duration-ms="38" status="PASS">
          <params>
            <param index="0">
              <value>
                <![CDATA[[TestResult name=ValidateLoginWithWrongCombination status=SUCCESS method=Login.ValidateLoginWithWrongCombination(java.lang.String, java.lang.String)[pri:13, instance:TimeStreamGroup.Reconstream.Login@a2431d0] output={null}]]]>
              </value>
            </param>
          </params>
          <reporter-output>
          </reporter-output>
        </test-method> <!-- testIT -->
        <test-method signature="ValidateLoginWithWrongCombination(java.lang.String, java.lang.String)[pri:13, instance:TimeStreamGroup.Reconstream.Login@a2431d0]" started-at="2023-02-19T11:49:30Z" name="ValidateLoginWithWrongCombination" data-provider="Authentication" finished-at="2023-02-19T11:49:32Z" duration-ms="1552" status="PASS">
          <params>
            <param index="0">
              <value>
                <![CDATA[Test@mailinator.com]]>
              </value>
            </param>
            <param index="1">
              <value>
                <![CDATA[Password1!]]>
              </value>
            </param>
          </params>
          <reporter-output>
          </reporter-output>
        </test-method> <!-- ValidateLoginWithWrongCombination -->
        <test-method is-config="true" signature="testIT(org.testng.ITestResult)[pri:0, instance:TimeStreamGroup.Reconstream.Login@a2431d0]" started-at="2023-02-19T11:49:32Z" name="testIT" finished-at="2023-02-19T11:49:32Z" duration-ms="37" status="PASS">
          <params>
            <param index="0">
              <value>
                <![CDATA[[TestResult name=ValidateLoginWithWrongCombination status=SUCCESS method=Login.ValidateLoginWithWrongCombination(java.lang.String, java.lang.String)[pri:13, instance:TimeStreamGroup.Reconstream.Login@a2431d0] output={null}]]]>
              </value>
            </param>
          </params>
          <reporter-output>
          </reporter-output>
        </test-method> <!-- testIT -->
        <test-method signature="ValidateLoginWithCorrectUserNameAndPassword(java.lang.String, java.lang.String)[pri:14, instance:TimeStreamGroup.Reconstream.Login@a2431d0]" started-at="2023-02-19T11:49:32Z" name="ValidateLoginWithCorrectUserNameAndPassword" finished-at="2023-02-19T11:49:34Z" duration-ms="2557" status="PASS">
          <params>
            <param index="0">
              <value>
                <![CDATA[shahid.suri@timestreamgroup.com]]>
              </value>
            </param>
            <param index="1">
              <value>
                <![CDATA[oneteam!]]>
              </value>
            </param>
          </params>
          <reporter-output>
          </reporter-output>
        </test-method> <!-- ValidateLoginWithCorrectUserNameAndPassword -->
        <test-method is-config="true" signature="testIT(org.testng.ITestResult)[pri:0, instance:TimeStreamGroup.Reconstream.Login@a2431d0]" started-at="2023-02-19T11:49:34Z" name="testIT" finished-at="2023-02-19T11:49:34Z" duration-ms="78" status="PASS">
          <params>
            <param index="0">
              <value>
                <![CDATA[[TestResult name=ValidateLoginWithCorrectUserNameAndPassword status=SUCCESS method=Login.ValidateLoginWithCorrectUserNameAndPassword(java.lang.String, java.lang.String)[pri:14, instance:TimeStreamGroup.Reconstream.Login@a2431d0] output={null}]]]>
              </value>
            </param>
          </params>
          <reporter-output>
          </reporter-output>
        </test-method> <!-- testIT -->
      </class> <!-- TimeStreamGroup.Reconstream.Login -->
    </test> <!--  Login -->
    <test started-at="2023-02-19T11:49:35Z" name="ATM Management" finished-at="2023-02-19T11:50:06Z" duration-ms="31203">
      <class name="TimeStreamGroup.Reconstream.Administration_ATM">
        <test-method is-config="true" signature="LaunchApplication()[pri:0, instance:TimeStreamGroup.Reconstream.Administration_ATM@16a0ee18]" started-at="2023-02-19T11:49:02Z" name="LaunchApplication" finished-at="2023-02-19T11:49:23Z" duration-ms="20737" status="PASS">
          <reporter-output>
          </reporter-output>
        </test-method> <!-- LaunchApplication -->
        <test-method signature="VerifyThatAdministrationisVisible()[pri:1, instance:TimeStreamGroup.Reconstream.Administration_ATM@16a0ee18]" started-at="2023-02-19T11:49:35Z" name="VerifyThatAdministrationisVisible" finished-at="2023-02-19T11:49:39Z" duration-ms="4616" status="PASS">
          <reporter-output>
          </reporter-output>
        </test-method> <!-- VerifyThatAdministrationisVisible -->
        <test-method is-config="true" signature="testIT(org.testng.ITestResult)[pri:0, instance:TimeStreamGroup.Reconstream.Administration_ATM@16a0ee18]" started-at="2023-02-19T11:49:39Z" name="testIT" finished-at="2023-02-19T11:49:39Z" duration-ms="55" status="PASS">
          <params>
            <param index="0">
              <value>
                <![CDATA[[TestResult name=VerifyThatAdministrationisVisible status=SUCCESS method=Administration_ATM.VerifyThatAdministrationisVisible()[pri:1, instance:TimeStreamGroup.Reconstream.Administration_ATM@16a0ee18] output={null}]]]>
              </value>
            </param>
          </params>
          <reporter-output>
          </reporter-output>
        </test-method> <!-- testIT -->
        <test-method signature="VerifyThatATMManagmentisVisible()[pri:2, instance:TimeStreamGroup.Reconstream.Administration_ATM@16a0ee18]" started-at="2023-02-19T11:49:39Z" name="VerifyThatATMManagmentisVisible" finished-at="2023-02-19T11:49:43Z" duration-ms="4169" status="PASS">
          <reporter-output>
          </reporter-output>
        </test-method> <!-- VerifyThatATMManagmentisVisible -->
        <test-method is-config="true" signature="testIT(org.testng.ITestResult)[pri:0, instance:TimeStreamGroup.Reconstream.Administration_ATM@16a0ee18]" started-at="2023-02-19T11:49:43Z" name="testIT" finished-at="2023-02-19T11:49:43Z" duration-ms="35" status="PASS">
          <params>
            <param index="0">
              <value>
                <![CDATA[[TestResult name=VerifyThatATMManagmentisVisible status=SUCCESS method=Administration_ATM.VerifyThatATMManagmentisVisible()[pri:2, instance:TimeStreamGroup.Reconstream.Administration_ATM@16a0ee18] output={null}]]]>
              </value>
            </param>
          </params>
          <reporter-output>
          </reporter-output>
        </test-method> <!-- testIT -->
        <test-method signature="VerifyThatALLATMListIsShowing()[pri:3, instance:TimeStreamGroup.Reconstream.Administration_ATM@16a0ee18]" started-at="2023-02-19T11:49:43Z" name="VerifyThatALLATMListIsShowing" finished-at="2023-02-19T11:49:50Z" duration-ms="6417" status="PASS">
          <reporter-output>
          </reporter-output>
        </test-method> <!-- VerifyThatALLATMListIsShowing -->
        <test-method is-config="true" signature="testIT(org.testng.ITestResult)[pri:0, instance:TimeStreamGroup.Reconstream.Administration_ATM@16a0ee18]" started-at="2023-02-19T11:49:50Z" name="testIT" finished-at="2023-02-19T11:49:50Z" duration-ms="28" status="PASS">
          <params>
            <param index="0">
              <value>
                <![CDATA[[TestResult name=VerifyThatALLATMListIsShowing status=SUCCESS method=Administration_ATM.VerifyThatALLATMListIsShowing()[pri:3, instance:TimeStreamGroup.Reconstream.Administration_ATM@16a0ee18] output={null}]]]>
              </value>
            </param>
          </params>
          <reporter-output>
          </reporter-output>
        </test-method> <!-- testIT -->
        <test-method signature="VerifyADDATMScreenOpened()[pri:4, instance:TimeStreamGroup.Reconstream.Administration_ATM@16a0ee18]" started-at="2023-02-19T11:49:50Z" name="VerifyADDATMScreenOpened" finished-at="2023-02-19T11:49:52Z" duration-ms="2537" status="FAIL">
          <exception class="junit.framework.ComparisonFailure">
            <message>
              <![CDATA[expected:<ATM Records[1]> but was:<ATM Records[]>]]>
            </message>
            <full-stacktrace>
              <![CDATA[junit.framework.ComparisonFailure: expected:<ATM Records[1]> but was:<ATM Records[]>
at junit.framework.Assert.assertEquals(Assert.java:100)
at junit.framework.Assert.assertEquals(Assert.java:107)
at TimeStreamGroup.Reconstream.Administration_ATM.VerifyADDATMScreenOpened(Administration_ATM.java:82)
at java.base/jdk.internal.reflect.NativeMethodAccessorImpl.invoke0(Native Method)
at java.base/jdk.internal.reflect.NativeMethodAccessorImpl.invoke(NativeMethodAccessorImpl.java:64)
at java.base/jdk.internal.reflect.DelegatingMethodAccessorImpl.invoke(DelegatingMethodAccessorImpl.java:43)
at java.base/java.lang.reflect.Method.invoke(Method.java:564)
at org.testng.internal.MethodInvocationHelper.invokeMethod(MethodInvocationHelper.java:124)
at org.testng.internal.Invoker.invokeMethod(Invoker.java:583)
at org.testng.internal.Invoker.invokeTestMethod(Invoker.java:719)
at org.testng.internal.Invoker.invokeTestMethods(Invoker.java:989)
at org.testng.internal.TestMethodWorker.invokeTestMethods(TestMethodWorker.java:125)
at org.testng.internal.TestMethodWorker.run(TestMethodWorker.java:109)
at org.testng.TestRunner.privateRun(TestRunner.java:648)
at org.testng.TestRunner.run(TestRunner.java:505)
at org.testng.SuiteRunner.runTest(SuiteRunner.java:455)
at org.testng.SuiteRunner.runSequentially(SuiteRunner.java:450)
at org.testng.SuiteRunner.privateRun(SuiteRunner.java:415)
at org.testng.SuiteRunner.run(SuiteRunner.java:364)
at org.testng.SuiteRunnerWorker.runSuite(SuiteRunnerWorker.java:52)
at org.testng.SuiteRunnerWorker.run(SuiteRunnerWorker.java:84)
at org.testng.TestNG.runSuitesSequentially(TestNG.java:1208)
at org.testng.TestNG.runSuitesLocally(TestNG.java:1137)
at org.testng.TestNG.runSuites(TestNG.java:1049)
at org.testng.TestNG.run(TestNG.java:1017)
at org.testng.remote.AbstractRemoteTestNG.run(AbstractRemoteTestNG.java:115)
at org.testng.remote.RemoteTestNG.initAndRun(RemoteTestNG.java:251)
at org.testng.remote.RemoteTestNG.main(RemoteTestNG.java:77)
]]>
            </full-stacktrace>
          </exception> <!-- junit.framework.ComparisonFailure -->
          <reporter-output>
          </reporter-output>
        </test-method> <!-- VerifyADDATMScreenOpened -->
        <test-method is-config="true" signature="testIT(org.testng.ITestResult)[pri:0, instance:TimeStreamGroup.Reconstream.Administration_ATM@16a0ee18]" started-at="2023-02-19T11:49:52Z" name="testIT" finished-at="2023-02-19T11:49:53Z" duration-ms="227" status="PASS">
          <params>
            <param index="0">
              <value>
                <![CDATA[[TestResult name=VerifyADDATMScreenOpened status=FAILURE method=Administration_ATM.VerifyADDATMScreenOpened()[pri:4, instance:TimeStreamGroup.Reconstream.Administration_ATM@16a0ee18] output={null}]]]>
              </value>
            </param>
          </params>
          <reporter-output>
            <line>
              <![CDATA[<a href='C:\Users\MR MUDASSAR\git\My-Project\target\surefire-reports\failure_screenshots\VerifyADDATMScreenOpened_19_02_2023_04_49_52.png'> <img src='C:\Users\MR MUDASSAR\git\My-Project\target\surefire-reports\failure_screenshots\VerifyADDATMScreenOpened_19_02_2023_04_49_52.png' height='100' width='100'/> </a>]]>
            </line>
          </reporter-output>
        </test-method> <!-- testIT -->
        <test-method signature="VerifyThatterminalIDIsDisplayed()[pri:5, instance:TimeStreamGroup.Reconstream.Administration_ATM@16a0ee18]" started-at="2023-02-19T11:49:53Z" name="VerifyThatterminalIDIsDisplayed" finished-at="2023-02-19T11:49:55Z" duration-ms="2238" status="PASS">
          <reporter-output>
          </reporter-output>
        </test-method> <!-- VerifyThatterminalIDIsDisplayed -->
        <test-method is-config="true" signature="testIT(org.testng.ITestResult)[pri:0, instance:TimeStreamGroup.Reconstream.Administration_ATM@16a0ee18]" started-at="2023-02-19T11:49:55Z" name="testIT" finished-at="2023-02-19T11:49:55Z" duration-ms="34" status="PASS">
          <params>
            <param index="0">
              <value>
                <![CDATA[[TestResult name=VerifyThatterminalIDIsDisplayed status=SUCCESS method=Administration_ATM.VerifyThatterminalIDIsDisplayed()[pri:5, instance:TimeStreamGroup.Reconstream.Administration_ATM@16a0ee18] output={null}]]]>
              </value>
            </param>
          </params>
          <reporter-output>
          </reporter-output>
        </test-method> <!-- testIT -->
        <test-method signature="VerifyCITFieldIsDisplayed()[pri:6, instance:TimeStreamGroup.Reconstream.Administration_ATM@16a0ee18]" started-at="2023-02-19T11:49:55Z" name="VerifyCITFieldIsDisplayed" finished-at="2023-02-19T11:49:57Z" duration-ms="2297" status="PASS">
          <reporter-output>
          </reporter-output>
        </test-method> <!-- VerifyCITFieldIsDisplayed -->
        <test-method is-config="true" signature="testIT(org.testng.ITestResult)[pri:0, instance:TimeStreamGroup.Reconstream.Administration_ATM@16a0ee18]" started-at="2023-02-19T11:49:57Z" name="testIT" finished-at="2023-02-19T11:49:57Z" duration-ms="54" status="PASS">
          <params>
            <param index="0">
              <value>
                <![CDATA[[TestResult name=VerifyCITFieldIsDisplayed status=SUCCESS method=Administration_ATM.VerifyCITFieldIsDisplayed()[pri:6, instance:TimeStreamGroup.Reconstream.Administration_ATM@16a0ee18] output={null}]]]>
              </value>
            </param>
          </params>
          <reporter-output>
          </reporter-output>
        </test-method> <!-- testIT -->
        <test-method signature="VerifyDeviceLocationIsDisplayed()[pri:7, instance:TimeStreamGroup.Reconstream.Administration_ATM@16a0ee18]" started-at="2023-02-19T11:49:57Z" name="VerifyDeviceLocationIsDisplayed" finished-at="2023-02-19T11:50:00Z" duration-ms="2495" status="PASS">
          <reporter-output>
          </reporter-output>
        </test-method> <!-- VerifyDeviceLocationIsDisplayed -->
        <test-method is-config="true" signature="testIT(org.testng.ITestResult)[pri:0, instance:TimeStreamGroup.Reconstream.Administration_ATM@16a0ee18]" started-at="2023-02-19T11:50:00Z" name="testIT" finished-at="2023-02-19T11:50:00Z" duration-ms="30" status="PASS">
          <params>
            <param index="0">
              <value>
                <![CDATA[[TestResult name=VerifyDeviceLocationIsDisplayed status=SUCCESS method=Administration_ATM.VerifyDeviceLocationIsDisplayed()[pri:7, instance:TimeStreamGroup.Reconstream.Administration_ATM@16a0ee18] output={null}]]]>
              </value>
            </param>
          </params>
          <reporter-output>
          </reporter-output>
        </test-method> <!-- testIT -->
        <test-method signature="VerifyRegionDropDownIsDisplayed()[pri:8, instance:TimeStreamGroup.Reconstream.Administration_ATM@16a0ee18]" started-at="2023-02-19T11:50:00Z" name="VerifyRegionDropDownIsDisplayed" finished-at="2023-02-19T11:50:04Z" duration-ms="4601" status="PASS">
          <reporter-output>
          </reporter-output>
        </test-method> <!-- VerifyRegionDropDownIsDisplayed -->
        <test-method is-config="true" signature="testIT(org.testng.ITestResult)[pri:0, instance:TimeStreamGroup.Reconstream.Administration_ATM@16a0ee18]" started-at="2023-02-19T11:50:04Z" name="testIT" finished-at="2023-02-19T11:50:04Z" duration-ms="26" status="PASS">
          <params>
            <param index="0">
              <value>
                <![CDATA[[TestResult name=VerifyRegionDropDownIsDisplayed status=SUCCESS method=Administration_ATM.VerifyRegionDropDownIsDisplayed()[pri:8, instance:TimeStreamGroup.Reconstream.Administration_ATM@16a0ee18] output={null}]]]>
              </value>
            </param>
          </params>
          <reporter-output>
          </reporter-output>
        </test-method> <!-- testIT -->
        <test-method signature="VerifyThatIpAddressFieldIsdisplayed()[pri:9, instance:TimeStreamGroup.Reconstream.Administration_ATM@16a0ee18]" started-at="2023-02-19T11:50:04Z" name="VerifyThatIpAddressFieldIsdisplayed" finished-at="2023-02-19T11:50:05Z" duration-ms="611" status="PASS">
          <reporter-output>
          </reporter-output>
        </test-method> <!-- VerifyThatIpAddressFieldIsdisplayed -->
        <test-method is-config="true" signature="testIT(org.testng.ITestResult)[pri:0, instance:TimeStreamGroup.Reconstream.Administration_ATM@16a0ee18]" started-at="2023-02-19T11:50:05Z" name="testIT" finished-at="2023-02-19T11:50:05Z" duration-ms="52" status="PASS">
          <params>
            <param index="0">
              <value>
                <![CDATA[[TestResult name=VerifyThatIpAddressFieldIsdisplayed status=SUCCESS method=Administration_ATM.VerifyThatIpAddressFieldIsdisplayed()[pri:9, instance:TimeStreamGroup.Reconstream.Administration_ATM@16a0ee18] output={null}]]]>
              </value>
            </param>
          </params>
          <reporter-output>
          </reporter-output>
        </test-method> <!-- testIT -->
        <test-method signature="VerifyThatDeviceNameFieldIsdisplayed()[pri:10, instance:TimeStreamGroup.Reconstream.Administration_ATM@16a0ee18]" started-at="2023-02-19T11:50:05Z" name="VerifyThatDeviceNameFieldIsdisplayed" finished-at="2023-02-19T11:50:05Z" duration-ms="368" status="PASS">
          <reporter-output>
          </reporter-output>
        </test-method> <!-- VerifyThatDeviceNameFieldIsdisplayed -->
        <test-method is-config="true" signature="testIT(org.testng.ITestResult)[pri:0, instance:TimeStreamGroup.Reconstream.Administration_ATM@16a0ee18]" started-at="2023-02-19T11:50:05Z" name="testIT" finished-at="2023-02-19T11:50:05Z" duration-ms="48" status="PASS">
          <params>
            <param index="0">
              <value>
                <![CDATA[[TestResult name=VerifyThatDeviceNameFieldIsdisplayed status=SUCCESS method=Administration_ATM.VerifyThatDeviceNameFieldIsdisplayed()[pri:10, instance:TimeStreamGroup.Reconstream.Administration_ATM@16a0ee18] output={null}]]]>
              </value>
            </param>
          </params>
          <reporter-output>
          </reporter-output>
        </test-method> <!-- testIT -->
        <test-method signature="VerifyThatLatitudeFieldIsDisplayed()[pri:11, instance:TimeStreamGroup.Reconstream.Administration_ATM@16a0ee18]" started-at="2023-02-19T11:50:05Z" name="VerifyThatLatitudeFieldIsDisplayed" finished-at="2023-02-19T11:50:06Z" duration-ms="204" status="PASS">
          <reporter-output>
          </reporter-output>
        </test-method> <!-- VerifyThatLatitudeFieldIsDisplayed -->
        <test-method is-config="true" signature="testIT(org.testng.ITestResult)[pri:0, instance:TimeStreamGroup.Reconstream.Administration_ATM@16a0ee18]" started-at="2023-02-19T11:50:06Z" name="testIT" finished-at="2023-02-19T11:50:06Z" duration-ms="40" status="PASS">
          <params>
            <param index="0">
              <value>
                <![CDATA[[TestResult name=VerifyThatLatitudeFieldIsDisplayed status=SUCCESS method=Administration_ATM.VerifyThatLatitudeFieldIsDisplayed()[pri:11, instance:TimeStreamGroup.Reconstream.Administration_ATM@16a0ee18] output={null}]]]>
              </value>
            </param>
          </params>
          <reporter-output>
          </reporter-output>
        </test-method> <!-- testIT -->
      </class> <!-- TimeStreamGroup.Reconstream.Administration_ATM -->
    </test> <!-- ATM Management -->
  </suite> <!-- ReconStream -->
</testng-results>
