<?xml version="1.0" encoding="UTF-8"?>
<testng-results ignored="1" total="2" passed="1" failed="0" skipped="0">
  <reporter-output>
  </reporter-output>
  <suite started-at="2021-06-21T08:17:29Z" name="EventBuizz" finished-at="2021-06-21T08:18:05Z" duration-ms="35793">
    <groups>
    </groups>
    <test started-at="2021-06-21T08:17:29Z" name="Demo" finished-at="2021-06-21T08:18:05Z" duration-ms="35793">
      <class name="EventBuizz.EventBuizz.curiato_Demo">
        <test-method signature="ValidatetheMovieRating()[pri:5, instance:EventBuizz.EventBuizz.curiato_Demo@19d481b]" started-at="2021-06-21T08:17:29Z" name="ValidatetheMovieRating" finished-at="2021-06-21T08:18:04Z" duration-ms="35159" status="PASS">
          <reporter-output>
          </reporter-output>
        </test-method> <!-- ValidatetheMovieRating -->
        <test-method is-config="true" signature="testIT(org.testng.ITestResult)[pri:0, instance:EventBuizz.EventBuizz.curiato_Demo@19d481b]" started-at="2021-06-21T08:18:04Z" name="testIT" finished-at="2021-06-21T08:18:05Z" duration-ms="572" status="PASS">
          <params>
            <param index="0">
              <value>
                <![CDATA[[TestResult name=ValidatetheMovieRating status=SUCCESS method=curiato_Demo.ValidatetheMovieRating()[pri:5, instance:EventBuizz.EventBuizz.curiato_Demo@19d481b] output={null}]]]>
              </value>
            </param>
          </params>
          <reporter-output>
          </reporter-output>
        </test-method> <!-- testIT -->
      </class> <!-- EventBuizz.EventBuizz.curiato_Demo -->
      <class name="EventBuizz.EventBuizz.Configuration">
        <test-method is-config="true" signature="LaunchApplication()[pri:0, instance:EventBuizz.EventBuizz.Configuration@51f116b8]" started-at="2021-06-21T08:17:02Z" name="LaunchApplication" finished-at="2021-06-21T08:17:29Z" duration-ms="27057" status="PASS">
          <reporter-output>
          </reporter-output>
        </test-method> <!-- LaunchApplication -->
      </class> <!-- EventBuizz.EventBuizz.Configuration -->
    </test> <!-- Demo -->
  </suite> <!-- EventBuizz -->
</testng-results>
