<?xml version="1.0" encoding="UTF-8"?>
<testng-results ignored="0" total="2" passed="2" failed="0" skipped="0">
  <reporter-output>
  </reporter-output>
  <suite started-at="2022-03-08T12:20:31Z" name="EventBuizz" finished-at="2022-03-08T12:20:38Z" duration-ms="7066">
    <groups>
    </groups>
    <test started-at="2022-03-08T12:20:31Z" name="Api Automation" finished-at="2022-03-08T12:20:38Z" duration-ms="7066">
      <class name="EventBuizz.EventBuizz.MyAPiAutomation">
        <test-method signature="GetBooks()[pri:1, instance:EventBuizz.EventBuizz.MyAPiAutomation@55b53d44]" started-at="2022-03-08T12:20:31Z" name="GetBooks" finished-at="2022-03-08T12:20:37Z" duration-ms="6198" status="PASS">
          <reporter-output>
          </reporter-output>
        </test-method> <!-- GetBooks -->
        <test-method signature="GetBooks1()[pri:1, instance:EventBuizz.EventBuizz.MyAPiAutomation@55b53d44]" started-at="2022-03-08T12:20:37Z" name="GetBooks1" finished-at="2022-03-08T12:20:38Z" duration-ms="797" status="PASS">
          <reporter-output>
          </reporter-output>
        </test-method> <!-- GetBooks1 -->
      </class> <!-- EventBuizz.EventBuizz.MyAPiAutomation -->
    </test> <!-- Api Automation -->
  </suite> <!-- EventBuizz -->
</testng-results>
