<?xml version="1.0" encoding="UTF-8"?>
<!-- Generated by org.testng.reporters.JUnitXMLReporter -->
<testsuite ignored="1" hostname="DESKTOP-ECUBPED" failures="0" tests="16" name=" Login" time="11.652" errors="0" timestamp="19 Feb 2023 11:49:35 GMT">
  <testcase classname="TimeStreamGroup.Reconstream.Login" name="ValidateThePageTitle" time="0.033"/>
  <testcase classname="TimeStreamGroup.Reconstream.Login" name="ValidateThatSignInHeadingPersistOnTheLoginPage" time="0.058"/>
  <testcase classname="TimeStreamGroup.Reconstream.Login" name="ValidateThatLoginTextPersistOnTheLoginPage" time="0.021"/>
  <testcase classname="TimeStreamGroup.Reconstream.Login" name="ValidateUserNameFieldPersistOnTheLoginPage" time="0.056"/>
  <testcase classname="TimeStreamGroup.Reconstream.Login" name="ValidatePasswordFieldPersistOnTheLoginPage" time="0.041"/>
  <testcase classname="TimeStreamGroup.Reconstream.Login" name="ValidateForGotPasswordPersistOnTheLoginPage" time="0.04"/>
  <testcase classname="TimeStreamGroup.Reconstream.Login" name="ValidateSigInButtonPersistOnTheLoginPage" time="0.035"/>
  <testcase classname="TimeStreamGroup.Reconstream.Login" name="ValidateUserNameFieldIsEnabled" time="0.029"/>
  <testcase classname="TimeStreamGroup.Reconstream.Login" name="ValidatePasswordFieldEnabled" time="0.019"/>
  <testcase classname="TimeStreamGroup.Reconstream.Login" name="ValidateLoginWithEmptyStrtings" time="0.406"/>
  <testcase classname="TimeStreamGroup.Reconstream.Login" name="ValidateLoginWithEmptyUserName" time="1.494"/>
  <testcase classname="TimeStreamGroup.Reconstream.Login" name="ValidateLoginWithEmpPassword" time="0.413"/>
  <testcase classname="TimeStreamGroup.Reconstream.Login" name="ValidateLoginWithWrongCombination" time="2.143"/>
  <testcase classname="TimeStreamGroup.Reconstream.Login" name="ValidateLoginWithWrongCombination" time="1.591"/>
  <testcase classname="TimeStreamGroup.Reconstream.Login" name="ValidateLoginWithWrongCombination" time="1.552"/>
  <testcase classname="TimeStreamGroup.Reconstream.Login" name="ValidateLoginWithCorrectUserNameAndPassword" time="2.557"/>
  <testcase classname="EventBuizz.EventBuizz.Configuration" name="@BeforeSuite LaunchApplication" time="0.0">
    <ignored/>
  </testcase> <!-- @BeforeSuite LaunchApplication -->
</testsuite> <!--  Login -->
