<?xml version="1.0" encoding="UTF-8"?>
<!-- Generated by org.testng.reporters.JUnitXMLReporter -->
<testsuite ignored="1" hostname="DESKTOP-ECUBPED" failures="3" tests="16" name=" Login" time="13.48" errors="0" timestamp="02 Jun 2023 08:17:59 GMT">
  <testcase classname="TimeStreamGroup.Reconstream.Login" name="ValidateThePageTitle" time="0.034"/>
  <testcase classname="TimeStreamGroup.Reconstream.Login" name="ValidateThatSignInHeadingPersistOnTheLoginPage" time="0.069"/>
  <testcase classname="TimeStreamGroup.Reconstream.Login" name="ValidateThatLoginTextPersistOnTheLoginPage" time="0.022"/>
  <testcase classname="TimeStreamGroup.Reconstream.Login" name="ValidateUserNameFieldPersistOnTheLoginPage" time="0.064"/>
  <testcase classname="TimeStreamGroup.Reconstream.Login" name="ValidatePasswordFieldPersistOnTheLoginPage" time="0.035"/>
  <testcase classname="TimeStreamGroup.Reconstream.Login" name="ValidateForGotPasswordPersistOnTheLoginPage" time="0.05"/>
  <testcase classname="TimeStreamGroup.Reconstream.Login" name="ValidateSigInButtonPersistOnTheLoginPage" time="0.043"/>
  <testcase classname="TimeStreamGroup.Reconstream.Login" name="ValidateUserNameFieldIsEnabled" time="0.025"/>
  <testcase classname="TimeStreamGroup.Reconstream.Login" name="ValidatePasswordFieldEnabled" time="0.023"/>
  <testcase classname="TimeStreamGroup.Reconstream.Login" name="ValidateLoginWithEmptyStrtings" time="0.43"/>
  <testcase classname="TimeStreamGroup.Reconstream.Login" name="ValidateLoginWithEmptyUserName" time="1.455"/>
  <testcase classname="TimeStreamGroup.Reconstream.Login" name="ValidateLoginWithEmpPassword" time="0.381"/>
  <testcase classname="TimeStreamGroup.Reconstream.Login" name="ValidateLoginWithWrongCombination" time="2.465">
    <failure type="junit.framework.ComparisonFailure" message="expected:&amp;lt;Invalid [Username or P]assword&amp;gt; but was:&amp;lt;Invalid [username or p]assword&amp;gt;">
      <![CDATA[junit.framework.ComparisonFailure: expected:<Invalid [Username or P]assword> but was:<Invalid [username or p]assword>
at junit.framework.Assert.assertEquals(Assert.java:100)
at junit.framework.Assert.assertEquals(Assert.java:107)
at TimeStreamGroup.Reconstream.Login.ValidateLoginWithWrongCombination(Login.java:222)
... Removed 25 stack frames]]>
    </failure>
  </testcase> <!-- ValidateLoginWithWrongCombination -->
  <testcase classname="TimeStreamGroup.Reconstream.Login" name="ValidateLoginWithWrongCombination" time="1.563">
    <failure type="junit.framework.ComparisonFailure" message="expected:&amp;lt;Invalid [Username or P]assword&amp;gt; but was:&amp;lt;Invalid [username or p]assword&amp;gt;">
      <![CDATA[junit.framework.ComparisonFailure: expected:<Invalid [Username or P]assword> but was:<Invalid [username or p]assword>
at junit.framework.Assert.assertEquals(Assert.java:100)
at junit.framework.Assert.assertEquals(Assert.java:107)
at TimeStreamGroup.Reconstream.Login.ValidateLoginWithWrongCombination(Login.java:222)
... Removed 25 stack frames]]>
    </failure>
  </testcase> <!-- ValidateLoginWithWrongCombination -->
  <testcase classname="TimeStreamGroup.Reconstream.Login" name="ValidateLoginWithWrongCombination" time="1.555">
    <failure type="junit.framework.ComparisonFailure" message="expected:&amp;lt;Invalid [Username or P]assword&amp;gt; but was:&amp;lt;Invalid [username or p]assword&amp;gt;">
      <![CDATA[junit.framework.ComparisonFailure: expected:<Invalid [Username or P]assword> but was:<Invalid [username or p]assword>
at junit.framework.Assert.assertEquals(Assert.java:100)
at junit.framework.Assert.assertEquals(Assert.java:107)
at TimeStreamGroup.Reconstream.Login.ValidateLoginWithWrongCombination(Login.java:222)
... Removed 25 stack frames]]>
    </failure>
  </testcase> <!-- ValidateLoginWithWrongCombination -->
  <testcase classname="TimeStreamGroup.Reconstream.Login" name="ValidateLoginWithCorrectUserNameAndPassword" time="2.941"/>
  <testcase classname="EventBuizz.EventBuizz.Configuration" name="@BeforeSuite LaunchApplication" time="0.0">
    <ignored/>
  </testcase> <!-- @BeforeSuite LaunchApplication -->
</testsuite> <!--  Login -->
