<?xml version="1.0" encoding="UTF-8"?>
<!-- Generated by org.testng.reporters.JUnitXMLReporter -->
<testsuite ignored="0" hostname="DESKTOP-ECUBPED" failures="2" tests="16" name="ATM Management" time="48.664" errors="0" timestamp="02 Jun 2023 08:18:47 GMT">
  <testcase classname="TimeStreamGroup.Reconstream.Administration_ATM" name="VerifyThatAdministrationisVisible" time="4.514"/>
  <testcase classname="TimeStreamGroup.Reconstream.Administration_ATM" name="VerifyThatATMManagmentisVisible" time="4.43"/>
  <testcase classname="TimeStreamGroup.Reconstream.Administration_ATM" name="VerifyThatALLATMListIsShowing" time="6.483"/>
  <testcase classname="TimeStreamGroup.Reconstream.Administration_ATM" name="VerifyADDATMScreenOpened" time="2.613">
    <failure type="junit.framework.ComparisonFailure" message="expected:&amp;lt;ATM Records[1]&amp;gt; but was:&amp;lt;ATM Records[]&amp;gt;">
      <![CDATA[junit.framework.ComparisonFailure: expected:<ATM Records[1]> but was:<ATM Records[]>
at junit.framework.Assert.assertEquals(Assert.java:100)
at junit.framework.Assert.assertEquals(Assert.java:107)
at TimeStreamGroup.Reconstream.Administration_ATM.VerifyADDATMScreenOpened(Administration_ATM.java:84)
... Removed 25 stack frames]]>
    </failure>
  </testcase> <!-- VerifyADDATMScreenOpened -->
  <testcase classname="TimeStreamGroup.Reconstream.Administration_ATM" name="VerifyThatterminalIDIsDisplayed" time="2.35"/>
  <testcase classname="TimeStreamGroup.Reconstream.Administration_ATM" name="VerifyCITFieldIsDisplayed" time="2.343"/>
  <testcase classname="TimeStreamGroup.Reconstream.Administration_ATM" name="VerifyDeviceLocationIsDisplayed" time="2.409"/>
  <testcase classname="TimeStreamGroup.Reconstream.Administration_ATM" name="VerifyRegionDropDownIsDisplayed" time="4.622"/>
  <testcase classname="TimeStreamGroup.Reconstream.Administration_ATM" name="VerifyThatIpAddressFieldIsdisplayed" time="0.44"/>
  <testcase classname="TimeStreamGroup.Reconstream.Administration_ATM" name="VerifyThatDeviceNameFieldIsdisplayed" time="0.38"/>
  <testcase classname="TimeStreamGroup.Reconstream.Administration_ATM" name="VerifyThatLatitudeFieldIsDisplayed" time="0.23"/>
  <testcase classname="TimeStreamGroup.Reconstream.Administration_ATM" name="VerifyThatLongitudeFieldIsDisplayed" time="0.295"/>
  <testcase classname="TimeStreamGroup.Reconstream.Administration_ATM" name="VerifyThatUserSelectTheVendor" time="0.61"/>
  <testcase classname="TimeStreamGroup.Reconstream.Administration_ATM" name="VerifyThatActiveOptionisSelectedByDefault" time="2.077"/>
  <testcase classname="TimeStreamGroup.Reconstream.Administration_ATM" name="VerifyThatAfterAddingtheATMUserLanonOnTHeListingScreen" time="3.735"/>
  <testcase classname="TimeStreamGroup.Reconstream.Administration_ATM" name="VerifyThaATMExistInList" time="10.051">
    <failure type="org.openqa.selenium.StaleElementReferenceException" message="The element with the reference 7f2c1074-4dd0-4919-b356-1344f0e7b4c8 is stale; either its node document is not the active document, or it is no longer connected to the DOM
For documentation on this error, please visit: http://seleniumhq.org/exceptions/stale_element_reference.html
Build info: version: &amp;apos;3.8.1&amp;apos;, revision: &amp;apos;6e95a6684b&amp;apos;, time: &amp;apos;2017-12-01T18:33:54.468Z&amp;apos;
System info: host: &amp;apos;DESKTOP-ECUBPED&amp;apos;, ip: &amp;apos;192.168.100.2&amp;apos;, os.name: &amp;apos;Windows 10&amp;apos;, os.arch: &amp;apos;amd64&amp;apos;, os.version: &amp;apos;10.0&amp;apos;, java.version: &amp;apos;15.0.2&amp;apos;
Driver info: org.openqa.selenium.firefox.FirefoxDriver
Capabilities {acceptInsecureCerts: true, browserName: firefox, browserVersion: 113.0.2, javascriptEnabled: true, moz:accessibilityChecks: false, moz:buildID: 20230522134052, moz:geckodriverVersion: 0.29.1, moz:headless: false, moz:platformVersion: 10.0, moz:processID: 13196, moz:profile: C:\Users\MRMUDA~1\AppData\L..., moz:shutdownTimeout: 60000, moz:useNonSpecCompliantPointerOrigin: false, moz:webdriverClick: true, moz:windowless: false, pageLoadStrategy: normal, platform: WINDOWS, platformName: WINDOWS, proxy: Proxy(), setWindowRect: true, strictFileInteractability: false, timeouts: {implicit: 0, pageLoad: 300000, script: 30000}, unhandledPromptBehavior: dismiss and notify}
Session ID: fca48f57-f409-4c43-b466-961d045b18f9
*** Element info: {Using=tag name, value=td}">
      <![CDATA[org.openqa.selenium.StaleElementReferenceException: The element with the reference 7f2c1074-4dd0-4919-b356-1344f0e7b4c8 is stale; either its node document is not the active document, or it is no longer connected to the DOM
For documentation on this error, please visit: http://seleniumhq.org/exceptions/stale_element_reference.html
Build info: version: '3.8.1', revision: '6e95a6684b', time: '2017-12-01T18:33:54.468Z'
System info: host: 'DESKTOP-ECUBPED', ip: '192.168.100.2', os.name: 'Windows 10', os.arch: 'amd64', os.version: '10.0', java.version: '15.0.2'
Driver info: org.openqa.selenium.firefox.FirefoxDriver
Capabilities {acceptInsecureCerts: true, browserName: firefox, browserVersion: 113.0.2, javascriptEnabled: true, moz:accessibilityChecks: false, moz:buildID: 20230522134052, moz:geckodriverVersion: 0.29.1, moz:headless: false, moz:platformVersion: 10.0, moz:processID: 13196, moz:profile: C:\Users\MRMUDA~1\AppData\L..., moz:shutdownTimeout: 60000, moz:useNonSpecCompliantPointerOrigin: false, moz:webdriverClick: true, moz:windowless: false, pageLoadStrategy: normal, platform: WINDOWS, platformName: WINDOWS, proxy: Proxy(), setWindowRect: true, strictFileInteractability: false, timeouts: {implicit: 0, pageLoad: 300000, script: 30000}, unhandledPromptBehavior: dismiss and notify}
Session ID: fca48f57-f409-4c43-b466-961d045b18f9
*** Element info: {Using=tag name, value=td}
at org.openqa.selenium.remote.http.W3CHttpResponseCodec.createException(W3CHttpResponseCodec.java:187)
at org.openqa.selenium.remote.http.W3CHttpResponseCodec.decode(W3CHttpResponseCodec.java:122)
at org.openqa.selenium.remote.http.W3CHttpResponseCodec.decode(W3CHttpResponseCodec.java:49)
at org.openqa.selenium.remote.HttpCommandExecutor.execute(HttpCommandExecutor.java:164)
at org.openqa.selenium.remote.service.DriverCommandExecutor.execute(DriverCommandExecutor.java:83)
at org.openqa.selenium.remote.RemoteWebDriver.execute(RemoteWebDriver.java:601)
at org.openqa.selenium.remote.RemoteWebElement.execute(RemoteWebElement.java:279)
at org.openqa.selenium.remote.RemoteWebElement.findElements(RemoteWebElement.java:195)
at org.openqa.selenium.remote.RemoteWebElement.findElementsByTagName(RemoteWebElement.java:275)
at org.openqa.selenium.By$ByTagName.findElements(By.java:327)
at org.openqa.selenium.remote.RemoteWebElement.findElements(RemoteWebElement.java:171)
at TimeStreamGroup.Reconstream.Administration_ATM.FindATM(Administration_ATM.java:225)
at TimeStreamGroup.Reconstream.Administration_ATM.VerifyThaATMExistInList(Administration_ATM.java:211)
... Removed 30 stack frames]]>
    </failure>
  </testcase> <!-- VerifyThaATMExistInList -->
</testsuite> <!-- ATM Management -->
