<?xml version="1.0" encoding="UTF-8"?>
<!-- Generated by org.testng.reporters.JUnitXMLReporter -->
<testsuite ignored="0" hostname="DESKTOP-ECUBPED" failures="1" tests="11" name="ATM Management" time="31.203" errors="0" timestamp="19 Feb 2023 11:50:06 GMT">
  <testcase classname="TimeStreamGroup.Reconstream.Administration_ATM" name="VerifyThatAdministrationisVisible" time="4.616"/>
  <testcase classname="TimeStreamGroup.Reconstream.Administration_ATM" name="VerifyThatATMManagmentisVisible" time="4.169"/>
  <testcase classname="TimeStreamGroup.Reconstream.Administration_ATM" name="VerifyThatALLATMListIsShowing" time="6.417"/>
  <testcase classname="TimeStreamGroup.Reconstream.Administration_ATM" name="VerifyADDATMScreenOpened" time="2.537">
    <failure type="junit.framework.ComparisonFailure" message="expected:&amp;lt;ATM Records[1]&amp;gt; but was:&amp;lt;ATM Records[]&amp;gt;">
      <![CDATA[junit.framework.ComparisonFailure: expected:<ATM Records[1]> but was:<ATM Records[]>
at junit.framework.Assert.assertEquals(Assert.java:100)
at junit.framework.Assert.assertEquals(Assert.java:107)
at TimeStreamGroup.Reconstream.Administration_ATM.VerifyADDATMScreenOpened(Administration_ATM.java:82)
... Removed 25 stack frames]]>
    </failure>
  </testcase> <!-- VerifyADDATMScreenOpened -->
  <testcase classname="TimeStreamGroup.Reconstream.Administration_ATM" name="VerifyThatterminalIDIsDisplayed" time="2.238"/>
  <testcase classname="TimeStreamGroup.Reconstream.Administration_ATM" name="VerifyCITFieldIsDisplayed" time="2.297"/>
  <testcase classname="TimeStreamGroup.Reconstream.Administration_ATM" name="VerifyDeviceLocationIsDisplayed" time="2.495"/>
  <testcase classname="TimeStreamGroup.Reconstream.Administration_ATM" name="VerifyRegionDropDownIsDisplayed" time="4.601"/>
  <testcase classname="TimeStreamGroup.Reconstream.Administration_ATM" name="VerifyThatIpAddressFieldIsdisplayed" time="0.611"/>
  <testcase classname="TimeStreamGroup.Reconstream.Administration_ATM" name="VerifyThatDeviceNameFieldIsdisplayed" time="0.368"/>
  <testcase classname="TimeStreamGroup.Reconstream.Administration_ATM" name="VerifyThatLatitudeFieldIsDisplayed" time="0.204"/>
</testsuite> <!-- ATM Management -->
